<?xml version="1.0" encoding="UTF-8"?>
<testsuite xmlns:xsi="http://www.w3.org/2001/XMLSchema-instance" xsi:noNamespaceSchemaLocation="https://maven.apache.org/surefire/maven-surefire-plugin/xsd/surefire-test-report-3.0.xsd" version="3.0" name="it.uniroma3.federazione.SiwFederazioneApplicationTests" time="7.291" tests="1" errors="0" skipped="0" failures="0">
  <properties>
[...]
</properties>
  <testcase name="contextLoads" classname="it.uniroma3.federazione.SiwFederazioneApplicationTests" time="0.48">
    <system-out><![CDATA[12:00:13.367 [main] INFO org.springframework.test.context.support.AnnotationConfigContextLoaderUtils -- Could not detect default configuration classes for test class [it.uniroma3.federazione.SiwFederazioneApplicationTests]: SiwFederazioneApplicationTests does not declare any static, non-private, non-final, nested classes annotated with @Configuration.
12:00:13.477 [main] INFO org.springframework.boot.test.context.SpringBootTestContextBootstrapper -- Found @SpringBootConfiguration it.uniroma3.federazione.SiwFederazioneApplication for test class it.uniroma3.federazione.SiwFederazioneApplicationTests

  .   ____          _            __ _ _
 /\\ / ___'_ __ _ _(_)_ __  __ _ \ \ \ \
( ( )\___ | '_ | '_| | '_ \/ _` | \ \ \ \
 \\/  ___)| |_)| | | | | || (_| |  ) ) ) )
  '  |____| .__|_| |_|_| |_\__, | / / / /
 =========|_|==============|___/=/_/_/_/

 :: Spring Boot ::                (v3.3.3)

2024-09-16T12:00:13.858+02:00  INFO 1704 --- [siw-federazione] [           main] i.u.f.SiwFederazioneApplicationTests     : Starting SiwFederazioneApplicationTests using Java 17.0.9 with PID 1704 (started by 39334 in C:\Users\39334\eclipse-workspace\siw-federazione)
2024-09-16T12:00:13.858+02:00  INFO 1704 --- [siw-federazione] [           main] i.u.f.SiwFederazioneApplicationTests     : No active profile set, falling back to 1 default profile: "default"
2024-09-16T12:00:14.694+02:00  INFO 1704 --- [siw-federazione] [           main] .s.d.r.c.RepositoryConfigurationDelegate : Bootstrapping Spring Data JPA repositories in DEFAULT mode.
2024-09-16T12:00:14.773+02:00  INFO 1704 --- [siw-federazione] [           main] .s.d.r.c.RepositoryConfigurationDelegate : Finished Spring Data repository scanning in 66 ms. Found 4 JPA repository interfaces.
2024-09-16T12:00:15.369+02:00  INFO 1704 --- [siw-federazione] [           main] o.hibernate.jpa.internal.util.LogHelper  : HHH000204: Processing PersistenceUnitInfo [name: default]
2024-09-16T12:00:15.447+02:00  INFO 1704 --- [siw-federazione] [           main] org.hibernate.Version                    : HHH000412: Hibernate ORM core version 6.5.2.Final
2024-09-16T12:00:15.494+02:00  INFO 1704 --- [siw-federazione] [           main] o.h.c.internal.RegionFactoryInitiator    : HHH000026: Second-level cache disabled
2024-09-16T12:00:15.840+02:00  INFO 1704 --- [siw-federazione] [           main] o.s.o.j.p.SpringPersistenceUnitInfo      : No LoadTimeWeaver setup: ignoring JPA class transformer
2024-09-16T12:00:15.871+02:00  INFO 1704 --- [siw-federazione] [           main] com.zaxxer.hikari.HikariDataSource       : HikariPool-1 - Starting...
2024-09-16T12:00:16.046+02:00  INFO 1704 --- [siw-federazione] [           main] com.zaxxer.hikari.pool.HikariPool        : HikariPool-1 - Added connection org.postgresql.jdbc.PgConnection@258a8584
2024-09-16T12:00:16.046+02:00  INFO 1704 --- [siw-federazione] [           main] com.zaxxer.hikari.HikariDataSource       : HikariPool-1 - Start completed.
2024-09-16T12:00:16.093+02:00  WARN 1704 --- [siw-federazione] [           main] org.hibernate.orm.deprecation            : HHH90000025: PostgreSQLDialect does not need to be specified explicitly using 'hibernate.dialect' (remove the property setting and it will be selected by default)
2024-09-16T12:00:16.124+02:00 DEBUG 1704 --- [siw-federazione] [           main] o.h.t.d.sql.spi.DdlTypeRegistry          : addDescriptor(2003, org.hibernate.type.descriptor.sql.internal.ArrayDdlTypeImpl@5d96d434) replaced previous registration(org.hibernate.type.descriptor.sql.internal.ArrayDdlTypeImpl@7283877)
2024-09-16T12:00:16.124+02:00 DEBUG 1704 --- [siw-federazione] [           main] o.h.t.d.sql.spi.DdlTypeRegistry          : addDescriptor(6, org.hibernate.type.descriptor.sql.internal.CapacityDependentDdlType@286a4c52) replaced previous registration(org.hibernate.type.descriptor.sql.internal.DdlTypeImpl@13dd7887)
2024-09-16T12:00:17.174+02:00  INFO 1704 --- [siw-federazione] [           main] o.h.e.t.j.p.i.JtaPlatformInitiator       : HHH000489: No JTA platform available (set 'hibernate.transaction.jta.platform' to enable JTA platform integration)
2024-09-16T12:00:17.189+02:00 DEBUG 1704 --- [siw-federazione] [           main] org.hibernate.SQL                        : alter table if exists credentials drop constraint if exists FKa8tgrep6xjx5d4nkqnttdfhmi
Hibernate: alter table if exists credentials drop constraint if exists FKa8tgrep6xjx5d4nkqnttdfhmi
2024-09-16T12:00:17.189+02:00 DEBUG 1704 --- [siw-federazione] [           main] org.hibernate.SQL                        : alter table if exists giocatore drop constraint if exists FKflch6aw0eiutf1ula6aa0fck5
Hibernate: alter table if exists giocatore drop constraint if exists FKflch6aw0eiutf1ula6aa0fck5
2024-09-16T12:00:17.189+02:00 DEBUG 1704 --- [siw-federazione] [           main] org.hibernate.SQL                        : alter table if exists presidente drop constraint if exists FK69bo2lavr38qf0u9ataj7mw7w
Hibernate: alter table if exists presidente drop constraint if exists FK69bo2lavr38qf0u9ataj7mw7w
2024-09-16T12:00:17.205+02:00 DEBUG 1704 --- [siw-federazione] [           main] org.hibernate.SQL                        : alter table if exists squadra drop constraint if exists FKn91ryuiahvtoytoduodgypkjv
Hibernate: alter table if exists squadra drop constraint if exists FKn91ryuiahvtoytoduodgypkjv
2024-09-16T12:00:17.205+02:00 DEBUG 1704 --- [siw-federazione] [           main] org.hibernate.SQL                        : alter table if exists squadra drop constraint if exists FKqdp0a8eghmgaefi8qdnw4cwb5
Hibernate: alter table if exists squadra drop constraint if exists FKqdp0a8eghmgaefi8qdnw4cwb5
2024-09-16T12:00:17.205+02:00 DEBUG 1704 --- [siw-federazione] [           main] org.hibernate.SQL                        : alter table if exists squadra_giocatori drop constraint if exists FKq7qdegw31khir9nhmom1k6qcx
Hibernate: alter table if exists squadra_giocatori drop constraint if exists FKq7qdegw31khir9nhmom1k6qcx
2024-09-16T12:00:17.205+02:00 DEBUG 1704 --- [siw-federazione] [           main] org.hibernate.SQL                        : alter table if exists squadra_giocatori drop constraint if exists FKtqgiv69b97sbb1gpo87a2u5me
Hibernate: alter table if exists squadra_giocatori drop constraint if exists FKtqgiv69b97sbb1gpo87a2u5me
2024-09-16T12:00:17.205+02:00 DEBUG 1704 --- [siw-federazione] [           main] org.hibernate.SQL                        : drop table if exists credentials cascade
Hibernate: drop table if exists credentials cascade
2024-09-16T12:00:17.205+02:00 DEBUG 1704 --- [siw-federazione] [           main] org.hibernate.SQL                        : drop table if exists giocatore cascade
Hibernate: drop table if exists giocatore cascade
2024-09-16T12:00:17.205+02:00 DEBUG 1704 --- [siw-federazione] [           main] org.hibernate.SQL                        : drop table if exists image cascade
Hibernate: drop table if exists image cascade
2024-09-16T12:00:17.205+02:00 DEBUG 1704 --- [siw-federazione] [           main] org.hibernate.SQL                        : drop table if exists presidente cascade
Hibernate: drop table if exists presidente cascade
2024-09-16T12:00:17.221+02:00 DEBUG 1704 --- [siw-federazione] [           main] org.hibernate.SQL                        : drop table if exists squadra cascade
Hibernate: drop table if exists squadra cascade
2024-09-16T12:00:17.221+02:00 DEBUG 1704 --- [siw-federazione] [           main] org.hibernate.SQL                        : drop table if exists squadra_giocatori cascade
Hibernate: drop table if exists squadra_giocatori cascade
2024-09-16T12:00:17.221+02:00 DEBUG 1704 --- [siw-federazione] [           main] org.hibernate.SQL                        : drop sequence if exists credentials_seq
Hibernate: drop sequence if exists credentials_seq
2024-09-16T12:00:17.221+02:00 DEBUG 1704 --- [siw-federazione] [           main] org.hibernate.SQL                        : drop sequence if exists giocatore_seq
Hibernate: drop sequence if exists giocatore_seq
2024-09-16T12:00:17.231+02:00 DEBUG 1704 --- [siw-federazione] [           main] org.hibernate.SQL                        : drop sequence if exists image_seq
Hibernate: drop sequence if exists image_seq
2024-09-16T12:00:17.231+02:00 DEBUG 1704 --- [siw-federazione] [           main] org.hibernate.SQL                        : drop sequence if exists presidente_seq
Hibernate: drop sequence if exists presidente_seq
2024-09-16T12:00:17.231+02:00 DEBUG 1704 --- [siw-federazione] [           main] org.hibernate.SQL                        : drop sequence if exists squadra_seq
Hibernate: drop sequence if exists squadra_seq
2024-09-16T12:00:17.257+02:00 DEBUG 1704 --- [siw-federazione] [           main] org.hibernate.SQL                        : create sequence credentials_seq start with 1 increment by 50
Hibernate: create sequence credentials_seq start with 1 increment by 50
2024-09-16T12:00:17.261+02:00 DEBUG 1704 --- [siw-federazione] [           main] org.hibernate.SQL                        : create sequence giocatore_seq start with 1 increment by 50
Hibernate: create sequence giocatore_seq start with 1 increment by 50
2024-09-16T12:00:17.265+02:00 DEBUG 1704 --- [siw-federazione] [           main] org.hibernate.SQL                        : create sequence image_seq start with 1 increment by 50
Hibernate: create sequence image_seq start with 1 increment by 50
2024-09-16T12:00:17.268+02:00 DEBUG 1704 --- [siw-federazione] [           main] org.hibernate.SQL                        : create sequence presidente_seq start with 1 increment by 50
Hibernate: create sequence presidente_seq start with 1 increment by 50
2024-09-16T12:00:17.269+02:00 DEBUG 1704 --- [siw-federazione] [           main] org.hibernate.SQL                        : create sequence squadra_seq start with 1 increment by 50
Hibernate: create sequence squadra_seq start with 1 increment by 50
2024-09-16T12:00:17.269+02:00 DEBUG 1704 --- [siw-federazione] [           main] org.hibernate.SQL                        : create table credentials (id bigint not null, presidente_id bigint unique, password varchar(255) not null, role varchar(255), username varchar(255) not null, primary key (id))
Hibernate: create table credentials (id bigint not null, presidente_id bigint unique, password varchar(255) not null, role varchar(255), username varchar(255) not null, primary key (id))
2024-09-16T12:00:17.269+02:00 DEBUG 1704 --- [siw-federazione] [           main] org.hibernate.SQL                        : create table giocatore (data_nascita date, numero_maglia integer not null check ((numero_maglia<=99) and (numero_maglia>=0)), titolare boolean not null, id bigint not null, squadra_id bigint, cognome varchar(255) not null, luogo_nascita varchar(255) not null, nome varchar(255) not null, ruolo varchar(255) not null, primary key (id))
Hibernate: create table giocatore (data_nascita date, numero_maglia integer not null check ((numero_maglia<=99) and (numero_maglia>=0)), titolare boolean not null, id bigint not null, squadra_id bigint, cognome varchar(255) not null, luogo_nascita varchar(255) not null, nome varchar(255) not null, ruolo varchar(255) not null, primary key (id))
2024-09-16T12:00:17.284+02:00 DEBUG 1704 --- [siw-federazione] [           main] org.hibernate.SQL                        : create table image (id bigint not null, mimetype varchar(255), bytes bytea, primary key (id))
Hibernate: create table image (id bigint not null, mimetype varchar(255), bytes bytea, primary key (id))
2024-09-16T12:00:17.284+02:00 DEBUG 1704 --- [siw-federazione] [           main] org.hibernate.SQL                        : create table presidente (data_nascita date, id bigint not null, immagine_id bigint unique, codice_fiscale varchar(255) not null, cognome varchar(255) not null, luogo_nascita varchar(255) not null, nome varchar(255) not null, primary key (id))
Hibernate: create table presidente (data_nascita date, id bigint not null, immagine_id bigint unique, codice_fiscale varchar(255) not null, cognome varchar(255) not null, luogo_nascita varchar(255) not null, nome varchar(255) not null, primary key (id))
2024-09-16T12:00:17.292+02:00 DEBUG 1704 --- [siw-federazione] [           main] org.hibernate.SQL                        : create table squadra (anno integer not null check ((anno<=2024) and (anno>=1800)), id bigint not null, immagine_id bigint unique, presidente_id bigint unique, name varchar(255) not null, sede varchar(255) not null, primary key (id))
Hibernate: create table squadra (anno integer not null check ((anno<=2024) and (anno>=1800)), id bigint not null, immagine_id bigint unique, presidente_id bigint unique, name varchar(255) not null, sede varchar(255) not null, primary key (id))
2024-09-16T12:00:17.300+02:00 DEBUG 1704 --- [siw-federazione] [           main] org.hibernate.SQL                        : create table squadra_giocatori (giocatori_id bigint not null unique, squadra_id bigint not null)
Hibernate: create table squadra_giocatori (giocatori_id bigint not null unique, squadra_id bigint not null)
2024-09-16T12:00:17.304+02:00 DEBUG 1704 --- [siw-federazione] [           main] org.hibernate.SQL                        : alter table if exists credentials add constraint FKa8tgrep6xjx5d4nkqnttdfhmi foreign key (presidente_id) references presidente
Hibernate: alter table if exists credentials add constraint FKa8tgrep6xjx5d4nkqnttdfhmi foreign key (presidente_id) references presidente
2024-09-16T12:00:17.304+02:00 DEBUG 1704 --- [siw-federazione] [           main] org.hibernate.SQL                        : alter table if exists giocatore add constraint FKflch6aw0eiutf1ula6aa0fck5 foreign key (squadra_id) references squadra
Hibernate: alter table if exists giocatore add constraint FKflch6aw0eiutf1ula6aa0fck5 foreign key (squadra_id) references squadra
2024-09-16T12:00:17.304+02:00 DEBUG 1704 --- [siw-federazione] [           main] org.hibernate.SQL                        : alter table if exists presidente add constraint FK69bo2lavr38qf0u9ataj7mw7w foreign key (immagine_id) references image
Hibernate: alter table if exists presidente add constraint FK69bo2lavr38qf0u9ataj7mw7w foreign key (immagine_id) references image
2024-09-16T12:00:17.304+02:00 DEBUG 1704 --- [siw-federazione] [           main] org.hibernate.SQL                        : alter table if exists squadra add constraint FKn91ryuiahvtoytoduodgypkjv foreign key (immagine_id) references image
Hibernate: alter table if exists squadra add constraint FKn91ryuiahvtoytoduodgypkjv foreign key (immagine_id) references image
2024-09-16T12:00:17.304+02:00 DEBUG 1704 --- [siw-federazione] [           main] org.hibernate.SQL                        : alter table if exists squadra add constraint FKqdp0a8eghmgaefi8qdnw4cwb5 foreign key (presidente_id) references presidente
Hibernate: alter table if exists squadra add constraint FKqdp0a8eghmgaefi8qdnw4cwb5 foreign key (presidente_id) references presidente
2024-09-16T12:00:17.313+02:00 DEBUG 1704 --- [siw-federazione] [           main] org.hibernate.SQL                        : alter table if exists squadra_giocatori add constraint FKq7qdegw31khir9nhmom1k6qcx foreign key (giocatori_id) references giocatore
Hibernate: alter table if exists squadra_giocatori add constraint FKq7qdegw31khir9nhmom1k6qcx foreign key (giocatori_id) references giocatore
2024-09-16T12:00:17.315+02:00 DEBUG 1704 --- [siw-federazione] [           main] org.hibernate.SQL                        : alter table if exists squadra_giocatori add constraint FKtqgiv69b97sbb1gpo87a2u5me foreign key (squadra_id) references squadra
Hibernate: alter table if exists squadra_giocatori add constraint FKtqgiv69b97sbb1gpo87a2u5me foreign key (squadra_id) references squadra
2024-09-16T12:00:17.316+02:00  INFO 1704 --- [siw-federazione] [           main] j.LocalContainerEntityManagerFactoryBean : Initialized JPA EntityManagerFactory for persistence unit 'default'
2024-09-16T12:00:17.744+02:00  WARN 1704 --- [siw-federazione] [           main] JpaBaseConfiguration$JpaWebConfiguration : spring.jpa.open-in-view is enabled by default. Therefore, database queries may be performed during view rendering. Explicitly configure spring.jpa.open-in-view to disable this warning
2024-09-16T12:00:17.773+02:00  WARN 1704 --- [siw-federazione] [           main] .s.s.UserDetailsServiceAutoConfiguration : 

Using generated security password: 0c2d8221-35f3-4191-9aa3-9b2b85739fef

This generated password is for development use only. Your security configuration must be updated before running your application in production.

2024-09-16T12:00:17.773+02:00  WARN 1704 --- [siw-federazione] [           main] r$InitializeUserDetailsManagerConfigurer : Global AuthenticationManager configured with an AuthenticationProvider bean. UserDetailsService beans will not be used for username/password login. Consider removing the AuthenticationProvider bean. Alternatively, consider using the UserDetailsService in a manually instantiated DaoAuthenticationProvider.
2024-09-16T12:00:17.917+02:00  INFO 1704 --- [siw-federazione] [           main] o.s.b.a.w.s.WelcomePageHandlerMapping    : Adding welcome page template: index
2024-09-16T12:00:18.513+02:00 DEBUG 1704 --- [siw-federazione] [           main] o.s.s.web.DefaultSecurityFilterChain     : Will secure any request with filters: DisableEncodeUrlFilter, WebAsyncManagerIntegrationFilter, SecurityContextHolderFilter, HeaderWriterFilter, LogoutFilter, UsernamePasswordAuthenticationFilter, RequestCacheAwareFilter, SecurityContextHolderAwareRequestFilter, AnonymousAuthenticationFilter, ExceptionTranslationFilter, AuthorizationFilter
2024-09-16T12:00:19.047+02:00  INFO 1704 --- [siw-federazione] [           main] i.u.f.SiwFederazioneApplicationTests     : Started SiwFederazioneApplicationTests in 5.413 seconds (process running for 6.465)
2024-09-16T12:00:19.103+02:00 DEBUG 1704 --- [siw-federazione] [           main] org.hibernate.SQL                        : select nextval('squadra_seq')
Hibernate: select nextval('squadra_seq')
2024-09-16T12:00:19.125+02:00 DEBUG 1704 --- [siw-federazione] [           main] org.hibernate.SQL                        : select nextval('presidente_seq')
Hibernate: select nextval('presidente_seq')
2024-09-16T12:00:19.133+02:00 DEBUG 1704 --- [siw-federazione] [           main] org.hibernate.SQL                        : select nextval('giocatore_seq')
Hibernate: select nextval('giocatore_seq')
2024-09-16T12:00:19.141+02:00 DEBUG 1704 --- [siw-federazione] [           main] org.hibernate.SQL                        : select nextval('giocatore_seq')
Hibernate: select nextval('giocatore_seq')
2024-09-16T12:00:19.166+02:00 DEBUG 1704 --- [siw-federazione] [           main] org.hibernate.SQL                        : insert into presidente (codice_fiscale,cognome,data_nascita,immagine_id,luogo_nascita,nome,id) values (?,?,?,?,?,?,?)
Hibernate: insert into presidente (codice_fiscale,cognome,data_nascita,immagine_id,luogo_nascita,nome,id) values (?,?,?,?,?,?,?)
2024-09-16T12:00:19.166+02:00 DEBUG 1704 --- [siw-federazione] [           main] org.hibernate.SQL                        : insert into squadra (anno,immagine_id,name,presidente_id,sede,id) values (?,?,?,?,?,?)
Hibernate: insert into squadra (anno,immagine_id,name,presidente_id,sede,id) values (?,?,?,?,?,?)
2024-09-16T12:00:19.166+02:00 DEBUG 1704 --- [siw-federazione] [           main] org.hibernate.SQL                        : insert into giocatore (cognome,data_nascita,luogo_nascita,nome,numero_maglia,ruolo,squadra_id,titolare,id) values (?,?,?,?,?,?,?,?,?)
Hibernate: insert into giocatore (cognome,data_nascita,luogo_nascita,nome,numero_maglia,ruolo,squadra_id,titolare,id) values (?,?,?,?,?,?,?,?,?)
2024-09-16T12:00:19.166+02:00 DEBUG 1704 --- [siw-federazione] [           main] org.hibernate.SQL                        : insert into giocatore (cognome,data_nascita,luogo_nascita,nome,numero_maglia,ruolo,squadra_id,titolare,id) values (?,?,?,?,?,?,?,?,?)
Hibernate: insert into giocatore (cognome,data_nascita,luogo_nascita,nome,numero_maglia,ruolo,squadra_id,titolare,id) values (?,?,?,?,?,?,?,?,?)
2024-09-16T12:00:19.166+02:00 DEBUG 1704 --- [siw-federazione] [           main] org.hibernate.SQL                        : insert into giocatore (cognome,data_nascita,luogo_nascita,nome,numero_maglia,ruolo,squadra_id,titolare,id) values (?,?,?,?,?,?,?,?,?)
Hibernate: insert into giocatore (cognome,data_nascita,luogo_nascita,nome,numero_maglia,ruolo,squadra_id,titolare,id) values (?,?,?,?,?,?,?,?,?)
2024-09-16T12:00:19.182+02:00 DEBUG 1704 --- [siw-federazione] [           main] org.hibernate.SQL                        : insert into giocatore (cognome,data_nascita,luogo_nascita,nome,numero_maglia,ruolo,squadra_id,titolare,id) values (?,?,?,?,?,?,?,?,?)
Hibernate: insert into giocatore (cognome,data_nascita,luogo_nascita,nome,numero_maglia,ruolo,squadra_id,titolare,id) values (?,?,?,?,?,?,?,?,?)
2024-09-16T12:00:19.182+02:00 DEBUG 1704 --- [siw-federazione] [           main] org.hibernate.SQL                        : insert into giocatore (cognome,data_nascita,luogo_nascita,nome,numero_maglia,ruolo,squadra_id,titolare,id) values (?,?,?,?,?,?,?,?,?)
Hibernate: insert into giocatore (cognome,data_nascita,luogo_nascita,nome,numero_maglia,ruolo,squadra_id,titolare,id) values (?,?,?,?,?,?,?,?,?)
2024-09-16T12:00:19.182+02:00 DEBUG 1704 --- [siw-federazione] [           main] org.hibernate.SQL                        : insert into giocatore (cognome,data_nascita,luogo_nascita,nome,numero_maglia,ruolo,squadra_id,titolare,id) values (?,?,?,?,?,?,?,?,?)
Hibernate: insert into giocatore (cognome,data_nascita,luogo_nascita,nome,numero_maglia,ruolo,squadra_id,titolare,id) values (?,?,?,?,?,?,?,?,?)
2024-09-16T12:00:19.182+02:00 DEBUG 1704 --- [siw-federazione] [           main] org.hibernate.SQL                        : insert into giocatore (cognome,data_nascita,luogo_nascita,nome,numero_maglia,ruolo,squadra_id,titolare,id) values (?,?,?,?,?,?,?,?,?)
Hibernate: insert into giocatore (cognome,data_nascita,luogo_nascita,nome,numero_maglia,ruolo,squadra_id,titolare,id) values (?,?,?,?,?,?,?,?,?)
2024-09-16T12:00:19.182+02:00 DEBUG 1704 --- [siw-federazione] [           main] org.hibernate.SQL                        : insert into giocatore (cognome,data_nascita,luogo_nascita,nome,numero_maglia,ruolo,squadra_id,titolare,id) values (?,?,?,?,?,?,?,?,?)
Hibernate: insert into giocatore (cognome,data_nascita,luogo_nascita,nome,numero_maglia,ruolo,squadra_id,titolare,id) values (?,?,?,?,?,?,?,?,?)
2024-09-16T12:00:19.182+02:00 DEBUG 1704 --- [siw-federazione] [           main] org.hibernate.SQL                        : insert into giocatore (cognome,data_nascita,luogo_nascita,nome,numero_maglia,ruolo,squadra_id,titolare,id) values (?,?,?,?,?,?,?,?,?)
Hibernate: insert into giocatore (cognome,data_nascita,luogo_nascita,nome,numero_maglia,ruolo,squadra_id,titolare,id) values (?,?,?,?,?,?,?,?,?)
2024-09-16T12:00:19.182+02:00 DEBUG 1704 --- [siw-federazione] [           main] org.hibernate.SQL                        : insert into squadra_giocatori (squadra_id,giocatori_id) values (?,?)
Hibernate: insert into squadra_giocatori (squadra_id,giocatori_id) values (?,?)
2024-09-16T12:00:19.182+02:00 DEBUG 1704 --- [siw-federazione] [           main] org.hibernate.SQL                        : insert into squadra_giocatori (squadra_id,giocatori_id) values (?,?)
Hibernate: insert into squadra_giocatori (squadra_id,giocatori_id) values (?,?)
2024-09-16T12:00:19.182+02:00 DEBUG 1704 --- [siw-federazione] [           main] org.hibernate.SQL                        : insert into squadra_giocatori (squadra_id,giocatori_id) values (?,?)
Hibernate: insert into squadra_giocatori (squadra_id,giocatori_id) values (?,?)
2024-09-16T12:00:19.182+02:00 DEBUG 1704 --- [siw-federazione] [           main] org.hibernate.SQL                        : insert into squadra_giocatori (squadra_id,giocatori_id) values (?,?)
Hibernate: insert into squadra_giocatori (squadra_id,giocatori_id) values (?,?)
2024-09-16T12:00:19.182+02:00 DEBUG 1704 --- [siw-federazione] [           main] org.hibernate.SQL                        : insert into squadra_giocatori (squadra_id,giocatori_id) values (?,?)
Hibernate: insert into squadra_giocatori (squadra_id,giocatori_id) values (?,?)
2024-09-16T12:00:19.182+02:00 DEBUG 1704 --- [siw-federazione] [           main] org.hibernate.SQL                        : insert into squadra_giocatori (squadra_id,giocatori_id) values (?,?)
Hibernate: insert into squadra_giocatori (squadra_id,giocatori_id) values (?,?)
2024-09-16T12:00:19.182+02:00 DEBUG 1704 --- [siw-federazione] [           main] org.hibernate.SQL                        : insert into squadra_giocatori (squadra_id,giocatori_id) values (?,?)
Hibernate: insert into squadra_giocatori (squadra_id,giocatori_id) values (?,?)
2024-09-16T12:00:19.182+02:00 DEBUG 1704 --- [siw-federazione] [           main] org.hibernate.SQL                        : insert into squadra_giocatori (squadra_id,giocatori_id) values (?,?)
Hibernate: insert into squadra_giocatori (squadra_id,giocatori_id) values (?,?)
2024-09-16T12:00:19.182+02:00 DEBUG 1704 --- [siw-federazione] [           main] org.hibernate.SQL                        : insert into squadra_giocatori (squadra_id,giocatori_id) values (?,?)
Hibernate: insert into squadra_giocatori (squadra_id,giocatori_id) values (?,?)
2024-09-16T12:00:19.261+02:00 DEBUG 1704 --- [siw-federazione] [           main] org.hibernate.SQL                        : select nextval('credentials_seq')
Hibernate: select nextval('credentials_seq')
2024-09-16T12:00:19.261+02:00 DEBUG 1704 --- [siw-federazione] [           main] org.hibernate.SQL                        : insert into credentials (password,presidente_id,role,username,id) values (?,?,?,?,?)
Hibernate: insert into credentials (password,presidente_id,role,username,id) values (?,?,?,?,?)
2024-09-16T12:00:19.261+02:00 DEBUG 1704 --- [siw-federazione] [           main] org.hibernate.SQL                        : select nextval('squadra_seq')
Hibernate: select nextval('squadra_seq')
2024-09-16T12:00:19.261+02:00 DEBUG 1704 --- [siw-federazione] [           main] org.hibernate.SQL                        : select nextval('presidente_seq')
Hibernate: select nextval('presidente_seq')
2024-09-16T12:00:19.261+02:00 DEBUG 1704 --- [siw-federazione] [           main] org.hibernate.SQL                        : insert into presidente (codice_fiscale,cognome,data_nascita,immagine_id,luogo_nascita,nome,id) values (?,?,?,?,?,?,?)
Hibernate: insert into presidente (codice_fiscale,cognome,data_nascita,immagine_id,luogo_nascita,nome,id) values (?,?,?,?,?,?,?)
2024-09-16T12:00:19.277+02:00 DEBUG 1704 --- [siw-federazione] [           main] org.hibernate.SQL                        : insert into squadra (anno,immagine_id,name,presidente_id,sede,id) values (?,?,?,?,?,?)
Hibernate: insert into squadra (anno,immagine_id,name,presidente_id,sede,id) values (?,?,?,?,?,?)
2024-09-16T12:00:19.277+02:00 DEBUG 1704 --- [siw-federazione] [           main] org.hibernate.SQL                        : insert into giocatore (cognome,data_nascita,luogo_nascita,nome,numero_maglia,ruolo,squadra_id,titolare,id) values (?,?,?,?,?,?,?,?,?)
Hibernate: insert into giocatore (cognome,data_nascita,luogo_nascita,nome,numero_maglia,ruolo,squadra_id,titolare,id) values (?,?,?,?,?,?,?,?,?)
2024-09-16T12:00:19.277+02:00 DEBUG 1704 --- [siw-federazione] [           main] org.hibernate.SQL                        : insert into giocatore (cognome,data_nascita,luogo_nascita,nome,numero_maglia,ruolo,squadra_id,titolare,id) values (?,?,?,?,?,?,?,?,?)
Hibernate: insert into giocatore (cognome,data_nascita,luogo_nascita,nome,numero_maglia,ruolo,squadra_id,titolare,id) values (?,?,?,?,?,?,?,?,?)
2024-09-16T12:00:19.277+02:00 DEBUG 1704 --- [siw-federazione] [           main] org.hibernate.SQL                        : insert into giocatore (cognome,data_nascita,luogo_nascita,nome,numero_maglia,ruolo,squadra_id,titolare,id) values (?,?,?,?,?,?,?,?,?)
Hibernate: insert into giocatore (cognome,data_nascita,luogo_nascita,nome,numero_maglia,ruolo,squadra_id,titolare,id) values (?,?,?,?,?,?,?,?,?)
2024-09-16T12:00:19.277+02:00 DEBUG 1704 --- [siw-federazione] [           main] org.hibernate.SQL                        : insert into giocatore (cognome,data_nascita,luogo_nascita,nome,numero_maglia,ruolo,squadra_id,titolare,id) values (?,?,?,?,?,?,?,?,?)
Hibernate: insert into giocatore (cognome,data_nascita,luogo_nascita,nome,numero_maglia,ruolo,squadra_id,titolare,id) values (?,?,?,?,?,?,?,?,?)
2024-09-16T12:00:19.277+02:00 DEBUG 1704 --- [siw-federazione] [           main] org.hibernate.SQL                        : insert into giocatore (cognome,data_nascita,luogo_nascita,nome,numero_maglia,ruolo,squadra_id,titolare,id) values (?,?,?,?,?,?,?,?,?)
Hibernate: insert into giocatore (cognome,data_nascita,luogo_nascita,nome,numero_maglia,ruolo,squadra_id,titolare,id) values (?,?,?,?,?,?,?,?,?)
2024-09-16T12:00:19.277+02:00 DEBUG 1704 --- [siw-federazione] [           main] org.hibernate.SQL                        : insert into giocatore (cognome,data_nascita,luogo_nascita,nome,numero_maglia,ruolo,squadra_id,titolare,id) values (?,?,?,?,?,?,?,?,?)
Hibernate: insert into giocatore (cognome,data_nascita,luogo_nascita,nome,numero_maglia,ruolo,squadra_id,titolare,id) values (?,?,?,?,?,?,?,?,?)
2024-09-16T12:00:19.277+02:00 DEBUG 1704 --- [siw-federazione] [           main] org.hibernate.SQL                        : insert into giocatore (cognome,data_nascita,luogo_nascita,nome,numero_maglia,ruolo,squadra_id,titolare,id) values (?,?,?,?,?,?,?,?,?)
Hibernate: insert into giocatore (cognome,data_nascita,luogo_nascita,nome,numero_maglia,ruolo,squadra_id,titolare,id) values (?,?,?,?,?,?,?,?,?)
2024-09-16T12:00:19.277+02:00 DEBUG 1704 --- [siw-federazione] [           main] org.hibernate.SQL                        : insert into giocatore (cognome,data_nascita,luogo_nascita,nome,numero_maglia,ruolo,squadra_id,titolare,id) values (?,?,?,?,?,?,?,?,?)
Hibernate: insert into giocatore (cognome,data_nascita,luogo_nascita,nome,numero_maglia,ruolo,squadra_id,titolare,id) values (?,?,?,?,?,?,?,?,?)
2024-09-16T12:00:19.277+02:00 DEBUG 1704 --- [siw-federazione] [           main] org.hibernate.SQL                        : insert into giocatore (cognome,data_nascita,luogo_nascita,nome,numero_maglia,ruolo,squadra_id,titolare,id) values (?,?,?,?,?,?,?,?,?)
Hibernate: insert into giocatore (cognome,data_nascita,luogo_nascita,nome,numero_maglia,ruolo,squadra_id,titolare,id) values (?,?,?,?,?,?,?,?,?)
2024-09-16T12:00:19.277+02:00 DEBUG 1704 --- [siw-federazione] [           main] org.hibernate.SQL                        : insert into squadra_giocatori (squadra_id,giocatori_id) values (?,?)
Hibernate: insert into squadra_giocatori (squadra_id,giocatori_id) values (?,?)
2024-09-16T12:00:19.277+02:00 DEBUG 1704 --- [siw-federazione] [           main] org.hibernate.SQL                        : insert into squadra_giocatori (squadra_id,giocatori_id) values (?,?)
Hibernate: insert into squadra_giocatori (squadra_id,giocatori_id) values (?,?)
2024-09-16T12:00:19.277+02:00 DEBUG 1704 --- [siw-federazione] [           main] org.hibernate.SQL                        : insert into squadra_giocatori (squadra_id,giocatori_id) values (?,?)
Hibernate: insert into squadra_giocatori (squadra_id,giocatori_id) values (?,?)
2024-09-16T12:00:19.277+02:00 DEBUG 1704 --- [siw-federazione] [           main] org.hibernate.SQL                        : insert into squadra_giocatori (squadra_id,giocatori_id) values (?,?)
Hibernate: insert into squadra_giocatori (squadra_id,giocatori_id) values (?,?)
2024-09-16T12:00:19.277+02:00 DEBUG 1704 --- [siw-federazione] [           main] org.hibernate.SQL                        : insert into squadra_giocatori (squadra_id,giocatori_id) values (?,?)
Hibernate: insert into squadra_giocatori (squadra_id,giocatori_id) values (?,?)
2024-09-16T12:00:19.277+02:00 DEBUG 1704 --- [siw-federazione] [           main] org.hibernate.SQL                        : insert into squadra_giocatori (squadra_id,giocatori_id) values (?,?)
Hibernate: insert into squadra_giocatori (squadra_id,giocatori_id) values (?,?)
2024-09-16T12:00:19.277+02:00 DEBUG 1704 --- [siw-federazione] [           main] org.hibernate.SQL                        : insert into squadra_giocatori (squadra_id,giocatori_id) values (?,?)
Hibernate: insert into squadra_giocatori (squadra_id,giocatori_id) values (?,?)
2024-09-16T12:00:19.277+02:00 DEBUG 1704 --- [siw-federazione] [           main] org.hibernate.SQL                        : insert into squadra_giocatori (squadra_id,giocatori_id) values (?,?)
Hibernate: insert into squadra_giocatori (squadra_id,giocatori_id) values (?,?)
2024-09-16T12:00:19.277+02:00 DEBUG 1704 --- [siw-federazione] [           main] org.hibernate.SQL                        : insert into squadra_giocatori (squadra_id,giocatori_id) values (?,?)
Hibernate: insert into squadra_giocatori (squadra_id,giocatori_id) values (?,?)
2024-09-16T12:00:19.339+02:00 DEBUG 1704 --- [siw-federazione] [           main] org.hibernate.SQL                        : select nextval('credentials_seq')
Hibernate: select nextval('credentials_seq')
2024-09-16T12:00:19.339+02:00 DEBUG 1704 --- [siw-federazione] [           main] org.hibernate.SQL                        : insert into credentials (password,presidente_id,role,username,id) values (?,?,?,?,?)
Hibernate: insert into credentials (password,presidente_id,role,username,id) values (?,?,?,?,?)
2024-09-16T12:00:19.348+02:00 DEBUG 1704 --- [siw-federazione] [           main] org.hibernate.SQL                        : insert into presidente (codice_fiscale,cognome,data_nascita,immagine_id,luogo_nascita,nome,id) values (?,?,?,?,?,?,?)
Hibernate: insert into presidente (codice_fiscale,cognome,data_nascita,immagine_id,luogo_nascita,nome,id) values (?,?,?,?,?,?,?)
2024-09-16T12:00:19.348+02:00 DEBUG 1704 --- [siw-federazione] [           main] org.hibernate.SQL                        : insert into squadra (anno,immagine_id,name,presidente_id,sede,id) values (?,?,?,?,?,?)
Hibernate: insert into squadra (anno,immagine_id,name,presidente_id,sede,id) values (?,?,?,?,?,?)
2024-09-16T12:00:19.348+02:00 DEBUG 1704 --- [siw-federazione] [           main] org.hibernate.SQL                        : insert into giocatore (cognome,data_nascita,luogo_nascita,nome,numero_maglia,ruolo,squadra_id,titolare,id) values (?,?,?,?,?,?,?,?,?)
Hibernate: insert into giocatore (cognome,data_nascita,luogo_nascita,nome,numero_maglia,ruolo,squadra_id,titolare,id) values (?,?,?,?,?,?,?,?,?)
2024-09-16T12:00:19.348+02:00 DEBUG 1704 --- [siw-federazione] [           main] org.hibernate.SQL                        : insert into giocatore (cognome,data_nascita,luogo_nascita,nome,numero_maglia,ruolo,squadra_id,titolare,id) values (?,?,?,?,?,?,?,?,?)
Hibernate: insert into giocatore (cognome,data_nascita,luogo_nascita,nome,numero_maglia,ruolo,squadra_id,titolare,id) values (?,?,?,?,?,?,?,?,?)
2024-09-16T12:00:19.355+02:00 DEBUG 1704 --- [siw-federazione] [           main] org.hibernate.SQL                        : insert into giocatore (cognome,data_nascita,luogo_nascita,nome,numero_maglia,ruolo,squadra_id,titolare,id) values (?,?,?,?,?,?,?,?,?)
Hibernate: insert into giocatore (cognome,data_nascita,luogo_nascita,nome,numero_maglia,ruolo,squadra_id,titolare,id) values (?,?,?,?,?,?,?,?,?)
2024-09-16T12:00:19.355+02:00 DEBUG 1704 --- [siw-federazione] [           main] org.hibernate.SQL                        : insert into giocatore (cognome,data_nascita,luogo_nascita,nome,numero_maglia,ruolo,squadra_id,titolare,id) values (?,?,?,?,?,?,?,?,?)
Hibernate: insert into giocatore (cognome,data_nascita,luogo_nascita,nome,numero_maglia,ruolo,squadra_id,titolare,id) values (?,?,?,?,?,?,?,?,?)
2024-09-16T12:00:19.355+02:00 DEBUG 1704 --- [siw-federazione] [           main] org.hibernate.SQL                        : insert into giocatore (cognome,data_nascita,luogo_nascita,nome,numero_maglia,ruolo,squadra_id,titolare,id) values (?,?,?,?,?,?,?,?,?)
Hibernate: insert into giocatore (cognome,data_nascita,luogo_nascita,nome,numero_maglia,ruolo,squadra_id,titolare,id) values (?,?,?,?,?,?,?,?,?)
2024-09-16T12:00:19.355+02:00 DEBUG 1704 --- [siw-federazione] [           main] org.hibernate.SQL                        : insert into giocatore (cognome,data_nascita,luogo_nascita,nome,numero_maglia,ruolo,squadra_id,titolare,id) values (?,?,?,?,?,?,?,?,?)
Hibernate: insert into giocatore (cognome,data_nascita,luogo_nascita,nome,numero_maglia,ruolo,squadra_id,titolare,id) values (?,?,?,?,?,?,?,?,?)
2024-09-16T12:00:19.355+02:00 DEBUG 1704 --- [siw-federazione] [           main] org.hibernate.SQL                        : insert into giocatore (cognome,data_nascita,luogo_nascita,nome,numero_maglia,ruolo,squadra_id,titolare,id) values (?,?,?,?,?,?,?,?,?)
Hibernate: insert into giocatore (cognome,data_nascita,luogo_nascita,nome,numero_maglia,ruolo,squadra_id,titolare,id) values (?,?,?,?,?,?,?,?,?)
2024-09-16T12:00:19.358+02:00 DEBUG 1704 --- [siw-federazione] [           main] org.hibernate.SQL                        : insert into giocatore (cognome,data_nascita,luogo_nascita,nome,numero_maglia,ruolo,squadra_id,titolare,id) values (?,?,?,?,?,?,?,?,?)
Hibernate: insert into giocatore (cognome,data_nascita,luogo_nascita,nome,numero_maglia,ruolo,squadra_id,titolare,id) values (?,?,?,?,?,?,?,?,?)
2024-09-16T12:00:19.358+02:00 DEBUG 1704 --- [siw-federazione] [           main] org.hibernate.SQL                        : insert into giocatore (cognome,data_nascita,luogo_nascita,nome,numero_maglia,ruolo,squadra_id,titolare,id) values (?,?,?,?,?,?,?,?,?)
Hibernate: insert into giocatore (cognome,data_nascita,luogo_nascita,nome,numero_maglia,ruolo,squadra_id,titolare,id) values (?,?,?,?,?,?,?,?,?)
2024-09-16T12:00:19.358+02:00 DEBUG 1704 --- [siw-federazione] [           main] org.hibernate.SQL                        : insert into squadra_giocatori (squadra_id,giocatori_id) values (?,?)
Hibernate: insert into squadra_giocatori (squadra_id,giocatori_id) values (?,?)
2024-09-16T12:00:19.358+02:00 DEBUG 1704 --- [siw-federazione] [           main] org.hibernate.SQL                        : insert into squadra_giocatori (squadra_id,giocatori_id) values (?,?)
Hibernate: insert into squadra_giocatori (squadra_id,giocatori_id) values (?,?)
2024-09-16T12:00:19.358+02:00 DEBUG 1704 --- [siw-federazione] [           main] org.hibernate.SQL                        : insert into squadra_giocatori (squadra_id,giocatori_id) values (?,?)
Hibernate: insert into squadra_giocatori (squadra_id,giocatori_id) values (?,?)
2024-09-16T12:00:19.358+02:00 DEBUG 1704 --- [siw-federazione] [           main] org.hibernate.SQL                        : insert into squadra_giocatori (squadra_id,giocatori_id) values (?,?)
Hibernate: insert into squadra_giocatori (squadra_id,giocatori_id) values (?,?)
2024-09-16T12:00:19.358+02:00 DEBUG 1704 --- [siw-federazione] [           main] org.hibernate.SQL                        : insert into squadra_giocatori (squadra_id,giocatori_id) values (?,?)
Hibernate: insert into squadra_giocatori (squadra_id,giocatori_id) values (?,?)
2024-09-16T12:00:19.358+02:00 DEBUG 1704 --- [siw-federazione] [           main] org.hibernate.SQL                        : insert into squadra_giocatori (squadra_id,giocatori_id) values (?,?)
Hibernate: insert into squadra_giocatori (squadra_id,giocatori_id) values (?,?)
2024-09-16T12:00:19.358+02:00 DEBUG 1704 --- [siw-federazione] [           main] org.hibernate.SQL                        : insert into squadra_giocatori (squadra_id,giocatori_id) values (?,?)
Hibernate: insert into squadra_giocatori (squadra_id,giocatori_id) values (?,?)
2024-09-16T12:00:19.358+02:00 DEBUG 1704 --- [siw-federazione] [           main] org.hibernate.SQL                        : insert into squadra_giocatori (squadra_id,giocatori_id) values (?,?)
Hibernate: insert into squadra_giocatori (squadra_id,giocatori_id) values (?,?)
2024-09-16T12:00:19.358+02:00 DEBUG 1704 --- [siw-federazione] [           main] org.hibernate.SQL                        : insert into squadra_giocatori (squadra_id,giocatori_id) values (?,?)
Hibernate: insert into squadra_giocatori (squadra_id,giocatori_id) values (?,?)
2024-09-16T12:00:19.419+02:00 DEBUG 1704 --- [siw-federazione] [           main] org.hibernate.SQL                        : insert into credentials (password,presidente_id,role,username,id) values (?,?,?,?,?)
Hibernate: insert into credentials (password,presidente_id,role,username,id) values (?,?,?,?,?)
2024-09-16T12:00:19.419+02:00 DEBUG 1704 --- [siw-federazione] [           main] org.hibernate.SQL                        : insert into presidente (codice_fiscale,cognome,data_nascita,immagine_id,luogo_nascita,nome,id) values (?,?,?,?,?,?,?)
Hibernate: insert into presidente (codice_fiscale,cognome,data_nascita,immagine_id,luogo_nascita,nome,id) values (?,?,?,?,?,?,?)
2024-09-16T12:00:19.419+02:00 DEBUG 1704 --- [siw-federazione] [           main] org.hibernate.SQL                        : insert into squadra (anno,immagine_id,name,presidente_id,sede,id) values (?,?,?,?,?,?)
Hibernate: insert into squadra (anno,immagine_id,name,presidente_id,sede,id) values (?,?,?,?,?,?)
2024-09-16T12:00:19.419+02:00 DEBUG 1704 --- [siw-federazione] [           main] org.hibernate.SQL                        : insert into giocatore (cognome,data_nascita,luogo_nascita,nome,numero_maglia,ruolo,squadra_id,titolare,id) values (?,?,?,?,?,?,?,?,?)
Hibernate: insert into giocatore (cognome,data_nascita,luogo_nascita,nome,numero_maglia,ruolo,squadra_id,titolare,id) values (?,?,?,?,?,?,?,?,?)
2024-09-16T12:00:19.419+02:00 DEBUG 1704 --- [siw-federazione] [           main] org.hibernate.SQL                        : insert into giocatore (cognome,data_nascita,luogo_nascita,nome,numero_maglia,ruolo,squadra_id,titolare,id) values (?,?,?,?,?,?,?,?,?)
Hibernate: insert into giocatore (cognome,data_nascita,luogo_nascita,nome,numero_maglia,ruolo,squadra_id,titolare,id) values (?,?,?,?,?,?,?,?,?)
2024-09-16T12:00:19.419+02:00 DEBUG 1704 --- [siw-federazione] [           main] org.hibernate.SQL                        : insert into giocatore (cognome,data_nascita,luogo_nascita,nome,numero_maglia,ruolo,squadra_id,titolare,id) values (?,?,?,?,?,?,?,?,?)
Hibernate: insert into giocatore (cognome,data_nascita,luogo_nascita,nome,numero_maglia,ruolo,squadra_id,titolare,id) values (?,?,?,?,?,?,?,?,?)
2024-09-16T12:00:19.429+02:00 DEBUG 1704 --- [siw-federazione] [           main] org.hibernate.SQL                        : insert into giocatore (cognome,data_nascita,luogo_nascita,nome,numero_maglia,ruolo,squadra_id,titolare,id) values (?,?,?,?,?,?,?,?,?)
Hibernate: insert into giocatore (cognome,data_nascita,luogo_nascita,nome,numero_maglia,ruolo,squadra_id,titolare,id) values (?,?,?,?,?,?,?,?,?)
2024-09-16T12:00:19.429+02:00 DEBUG 1704 --- [siw-federazione] [           main] org.hibernate.SQL                        : insert into giocatore (cognome,data_nascita,luogo_nascita,nome,numero_maglia,ruolo,squadra_id,titolare,id) values (?,?,?,?,?,?,?,?,?)
Hibernate: insert into giocatore (cognome,data_nascita,luogo_nascita,nome,numero_maglia,ruolo,squadra_id,titolare,id) values (?,?,?,?,?,?,?,?,?)
2024-09-16T12:00:19.429+02:00 DEBUG 1704 --- [siw-federazione] [           main] org.hibernate.SQL                        : insert into giocatore (cognome,data_nascita,luogo_nascita,nome,numero_maglia,ruolo,squadra_id,titolare,id) values (?,?,?,?,?,?,?,?,?)
Hibernate: insert into giocatore (cognome,data_nascita,luogo_nascita,nome,numero_maglia,ruolo,squadra_id,titolare,id) values (?,?,?,?,?,?,?,?,?)
2024-09-16T12:00:19.429+02:00 DEBUG 1704 --- [siw-federazione] [           main] org.hibernate.SQL                        : insert into giocatore (cognome,data_nascita,luogo_nascita,nome,numero_maglia,ruolo,squadra_id,titolare,id) values (?,?,?,?,?,?,?,?,?)
Hibernate: insert into giocatore (cognome,data_nascita,luogo_nascita,nome,numero_maglia,ruolo,squadra_id,titolare,id) values (?,?,?,?,?,?,?,?,?)
2024-09-16T12:00:19.434+02:00 DEBUG 1704 --- [siw-federazione] [           main] org.hibernate.SQL                        : insert into giocatore (cognome,data_nascita,luogo_nascita,nome,numero_maglia,ruolo,squadra_id,titolare,id) values (?,?,?,?,?,?,?,?,?)
Hibernate: insert into giocatore (cognome,data_nascita,luogo_nascita,nome,numero_maglia,ruolo,squadra_id,titolare,id) values (?,?,?,?,?,?,?,?,?)
2024-09-16T12:00:19.434+02:00 DEBUG 1704 --- [siw-federazione] [           main] org.hibernate.SQL                        : insert into giocatore (cognome,data_nascita,luogo_nascita,nome,numero_maglia,ruolo,squadra_id,titolare,id) values (?,?,?,?,?,?,?,?,?)
Hibernate: insert into giocatore (cognome,data_nascita,luogo_nascita,nome,numero_maglia,ruolo,squadra_id,titolare,id) values (?,?,?,?,?,?,?,?,?)
2024-09-16T12:00:19.434+02:00 DEBUG 1704 --- [siw-federazione] [           main] org.hibernate.SQL                        : insert into squadra_giocatori (squadra_id,giocatori_id) values (?,?)
Hibernate: insert into squadra_giocatori (squadra_id,giocatori_id) values (?,?)
2024-09-16T12:00:19.434+02:00 DEBUG 1704 --- [siw-federazione] [           main] org.hibernate.SQL                        : insert into squadra_giocatori (squadra_id,giocatori_id) values (?,?)
Hibernate: insert into squadra_giocatori (squadra_id,giocatori_id) values (?,?)
2024-09-16T12:00:19.434+02:00 DEBUG 1704 --- [siw-federazione] [           main] org.hibernate.SQL                        : insert into squadra_giocatori (squadra_id,giocatori_id) values (?,?)
Hibernate: insert into squadra_giocatori (squadra_id,giocatori_id) values (?,?)
2024-09-16T12:00:19.434+02:00 DEBUG 1704 --- [siw-federazione] [           main] org.hibernate.SQL                        : insert into squadra_giocatori (squadra_id,giocatori_id) values (?,?)
Hibernate: insert into squadra_giocatori (squadra_id,giocatori_id) values (?,?)
2024-09-16T12:00:19.434+02:00 DEBUG 1704 --- [siw-federazione] [           main] org.hibernate.SQL                        : insert into squadra_giocatori (squadra_id,giocatori_id) values (?,?)
Hibernate: insert into squadra_giocatori (squadra_id,giocatori_id) values (?,?)
2024-09-16T12:00:19.434+02:00 DEBUG 1704 --- [siw-federazione] [           main] org.hibernate.SQL                        : insert into squadra_giocatori (squadra_id,giocatori_id) values (?,?)
Hibernate: insert into squadra_giocatori (squadra_id,giocatori_id) values (?,?)
2024-09-16T12:00:19.434+02:00 DEBUG 1704 --- [siw-federazione] [           main] org.hibernate.SQL                        : insert into squadra_giocatori (squadra_id,giocatori_id) values (?,?)
Hibernate: insert into squadra_giocatori (squadra_id,giocatori_id) values (?,?)
2024-09-16T12:00:19.439+02:00 DEBUG 1704 --- [siw-federazione] [           main] org.hibernate.SQL                        : insert into squadra_giocatori (squadra_id,giocatori_id) values (?,?)
Hibernate: insert into squadra_giocatori (squadra_id,giocatori_id) values (?,?)
2024-09-16T12:00:19.439+02:00 DEBUG 1704 --- [siw-federazione] [           main] org.hibernate.SQL                        : insert into squadra_giocatori (squadra_id,giocatori_id) values (?,?)
Hibernate: insert into squadra_giocatori (squadra_id,giocatori_id) values (?,?)
2024-09-16T12:00:19.497+02:00 DEBUG 1704 --- [siw-federazione] [           main] org.hibernate.SQL                        : insert into credentials (password,presidente_id,role,username,id) values (?,?,?,?,?)
Hibernate: insert into credentials (password,presidente_id,role,username,id) values (?,?,?,?,?)
2024-09-16T12:00:19.501+02:00 DEBUG 1704 --- [siw-federazione] [           main] org.hibernate.SQL                        : insert into presidente (codice_fiscale,cognome,data_nascita,immagine_id,luogo_nascita,nome,id) values (?,?,?,?,?,?,?)
Hibernate: insert into presidente (codice_fiscale,cognome,data_nascita,immagine_id,luogo_nascita,nome,id) values (?,?,?,?,?,?,?)
2024-09-16T12:00:19.501+02:00 DEBUG 1704 --- [siw-federazione] [           main] org.hibernate.SQL                        : insert into squadra (anno,immagine_id,name,presidente_id,sede,id) values (?,?,?,?,?,?)
Hibernate: insert into squadra (anno,immagine_id,name,presidente_id,sede,id) values (?,?,?,?,?,?)
2024-09-16T12:00:19.501+02:00 DEBUG 1704 --- [siw-federazione] [           main] org.hibernate.SQL                        : insert into giocatore (cognome,data_nascita,luogo_nascita,nome,numero_maglia,ruolo,squadra_id,titolare,id) values (?,?,?,?,?,?,?,?,?)
Hibernate: insert into giocatore (cognome,data_nascita,luogo_nascita,nome,numero_maglia,ruolo,squadra_id,titolare,id) values (?,?,?,?,?,?,?,?,?)
2024-09-16T12:00:19.501+02:00 DEBUG 1704 --- [siw-federazione] [           main] org.hibernate.SQL                        : insert into giocatore (cognome,data_nascita,luogo_nascita,nome,numero_maglia,ruolo,squadra_id,titolare,id) values (?,?,?,?,?,?,?,?,?)
Hibernate: insert into giocatore (cognome,data_nascita,luogo_nascita,nome,numero_maglia,ruolo,squadra_id,titolare,id) values (?,?,?,?,?,?,?,?,?)
2024-09-16T12:00:19.501+02:00 DEBUG 1704 --- [siw-federazione] [           main] org.hibernate.SQL                        : insert into giocatore (cognome,data_nascita,luogo_nascita,nome,numero_maglia,ruolo,squadra_id,titolare,id) values (?,?,?,?,?,?,?,?,?)
Hibernate: insert into giocatore (cognome,data_nascita,luogo_nascita,nome,numero_maglia,ruolo,squadra_id,titolare,id) values (?,?,?,?,?,?,?,?,?)
2024-09-16T12:00:19.501+02:00 DEBUG 1704 --- [siw-federazione] [           main] org.hibernate.SQL                        : insert into giocatore (cognome,data_nascita,luogo_nascita,nome,numero_maglia,ruolo,squadra_id,titolare,id) values (?,?,?,?,?,?,?,?,?)
Hibernate: insert into giocatore (cognome,data_nascita,luogo_nascita,nome,numero_maglia,ruolo,squadra_id,titolare,id) values (?,?,?,?,?,?,?,?,?)
2024-09-16T12:00:19.501+02:00 DEBUG 1704 --- [siw-federazione] [           main] org.hibernate.SQL                        : insert into giocatore (cognome,data_nascita,luogo_nascita,nome,numero_maglia,ruolo,squadra_id,titolare,id) values (?,?,?,?,?,?,?,?,?)
Hibernate: insert into giocatore (cognome,data_nascita,luogo_nascita,nome,numero_maglia,ruolo,squadra_id,titolare,id) values (?,?,?,?,?,?,?,?,?)
2024-09-16T12:00:19.501+02:00 DEBUG 1704 --- [siw-federazione] [           main] org.hibernate.SQL                        : insert into giocatore (cognome,data_nascita,luogo_nascita,nome,numero_maglia,ruolo,squadra_id,titolare,id) values (?,?,?,?,?,?,?,?,?)
Hibernate: insert into giocatore (cognome,data_nascita,luogo_nascita,nome,numero_maglia,ruolo,squadra_id,titolare,id) values (?,?,?,?,?,?,?,?,?)
2024-09-16T12:00:19.501+02:00 DEBUG 1704 --- [siw-federazione] [           main] org.hibernate.SQL                        : insert into giocatore (cognome,data_nascita,luogo_nascita,nome,numero_maglia,ruolo,squadra_id,titolare,id) values (?,?,?,?,?,?,?,?,?)
Hibernate: insert into giocatore (cognome,data_nascita,luogo_nascita,nome,numero_maglia,ruolo,squadra_id,titolare,id) values (?,?,?,?,?,?,?,?,?)
2024-09-16T12:00:19.509+02:00 DEBUG 1704 --- [siw-federazione] [           main] org.hibernate.SQL                        : insert into giocatore (cognome,data_nascita,luogo_nascita,nome,numero_maglia,ruolo,squadra_id,titolare,id) values (?,?,?,?,?,?,?,?,?)
Hibernate: insert into giocatore (cognome,data_nascita,luogo_nascita,nome,numero_maglia,ruolo,squadra_id,titolare,id) values (?,?,?,?,?,?,?,?,?)
2024-09-16T12:00:19.509+02:00 DEBUG 1704 --- [siw-federazione] [           main] org.hibernate.SQL                        : insert into giocatore (cognome,data_nascita,luogo_nascita,nome,numero_maglia,ruolo,squadra_id,titolare,id) values (?,?,?,?,?,?,?,?,?)
Hibernate: insert into giocatore (cognome,data_nascita,luogo_nascita,nome,numero_maglia,ruolo,squadra_id,titolare,id) values (?,?,?,?,?,?,?,?,?)
2024-09-16T12:00:19.509+02:00 DEBUG 1704 --- [siw-federazione] [           main] org.hibernate.SQL                        : insert into squadra_giocatori (squadra_id,giocatori_id) values (?,?)
Hibernate: insert into squadra_giocatori (squadra_id,giocatori_id) values (?,?)
2024-09-16T12:00:19.509+02:00 DEBUG 1704 --- [siw-federazione] [           main] org.hibernate.SQL                        : insert into squadra_giocatori (squadra_id,giocatori_id) values (?,?)
Hibernate: insert into squadra_giocatori (squadra_id,giocatori_id) values (?,?)
2024-09-16T12:00:19.509+02:00 DEBUG 1704 --- [siw-federazione] [           main] org.hibernate.SQL                        : insert into squadra_giocatori (squadra_id,giocatori_id) values (?,?)
Hibernate: insert into squadra_giocatori (squadra_id,giocatori_id) values (?,?)
2024-09-16T12:00:19.509+02:00 DEBUG 1704 --- [siw-federazione] [           main] org.hibernate.SQL                        : insert into squadra_giocatori (squadra_id,giocatori_id) values (?,?)
Hibernate: insert into squadra_giocatori (squadra_id,giocatori_id) values (?,?)
2024-09-16T12:00:19.509+02:00 DEBUG 1704 --- [siw-federazione] [           main] org.hibernate.SQL                        : insert into squadra_giocatori (squadra_id,giocatori_id) values (?,?)
Hibernate: insert into squadra_giocatori (squadra_id,giocatori_id) values (?,?)
2024-09-16T12:00:19.509+02:00 DEBUG 1704 --- [siw-federazione] [           main] org.hibernate.SQL                        : insert into squadra_giocatori (squadra_id,giocatori_id) values (?,?)
Hibernate: insert into squadra_giocatori (squadra_id,giocatori_id) values (?,?)
2024-09-16T12:00:19.509+02:00 DEBUG 1704 --- [siw-federazione] [           main] org.hibernate.SQL                        : insert into squadra_giocatori (squadra_id,giocatori_id) values (?,?)
Hibernate: insert into squadra_giocatori (squadra_id,giocatori_id) values (?,?)
2024-09-16T12:00:19.509+02:00 DEBUG 1704 --- [siw-federazione] [           main] org.hibernate.SQL                        : insert into squadra_giocatori (squadra_id,giocatori_id) values (?,?)
Hibernate: insert into squadra_giocatori (squadra_id,giocatori_id) values (?,?)
2024-09-16T12:00:19.513+02:00 DEBUG 1704 --- [siw-federazione] [           main] org.hibernate.SQL                        : insert into squadra_giocatori (squadra_id,giocatori_id) values (?,?)
Hibernate: insert into squadra_giocatori (squadra_id,giocatori_id) values (?,?)
2024-09-16T12:00:19.582+02:00 DEBUG 1704 --- [siw-federazione] [           main] org.hibernate.SQL                        : insert into credentials (password,presidente_id,role,username,id) values (?,?,?,?,?)
Hibernate: insert into credentials (password,presidente_id,role,username,id) values (?,?,?,?,?)
2024-09-16T12:00:19.582+02:00 DEBUG 1704 --- [siw-federazione] [           main] org.hibernate.SQL                        : select nextval('giocatore_seq')
Hibernate: select nextval('giocatore_seq')
2024-09-16T12:00:19.582+02:00 DEBUG 1704 --- [siw-federazione] [           main] org.hibernate.SQL                        : insert into presidente (codice_fiscale,cognome,data_nascita,immagine_id,luogo_nascita,nome,id) values (?,?,?,?,?,?,?)
Hibernate: insert into presidente (codice_fiscale,cognome,data_nascita,immagine_id,luogo_nascita,nome,id) values (?,?,?,?,?,?,?)
2024-09-16T12:00:19.587+02:00 DEBUG 1704 --- [siw-federazione] [           main] org.hibernate.SQL                        : insert into squadra (anno,immagine_id,name,presidente_id,sede,id) values (?,?,?,?,?,?)
Hibernate: insert into squadra (anno,immagine_id,name,presidente_id,sede,id) values (?,?,?,?,?,?)
2024-09-16T12:00:19.587+02:00 DEBUG 1704 --- [siw-federazione] [           main] org.hibernate.SQL                        : insert into giocatore (cognome,data_nascita,luogo_nascita,nome,numero_maglia,ruolo,squadra_id,titolare,id) values (?,?,?,?,?,?,?,?,?)
Hibernate: insert into giocatore (cognome,data_nascita,luogo_nascita,nome,numero_maglia,ruolo,squadra_id,titolare,id) values (?,?,?,?,?,?,?,?,?)
2024-09-16T12:00:19.587+02:00 DEBUG 1704 --- [siw-federazione] [           main] org.hibernate.SQL                        : insert into giocatore (cognome,data_nascita,luogo_nascita,nome,numero_maglia,ruolo,squadra_id,titolare,id) values (?,?,?,?,?,?,?,?,?)
Hibernate: insert into giocatore (cognome,data_nascita,luogo_nascita,nome,numero_maglia,ruolo,squadra_id,titolare,id) values (?,?,?,?,?,?,?,?,?)
2024-09-16T12:00:19.587+02:00 DEBUG 1704 --- [siw-federazione] [           main] org.hibernate.SQL                        : insert into giocatore (cognome,data_nascita,luogo_nascita,nome,numero_maglia,ruolo,squadra_id,titolare,id) values (?,?,?,?,?,?,?,?,?)
Hibernate: insert into giocatore (cognome,data_nascita,luogo_nascita,nome,numero_maglia,ruolo,squadra_id,titolare,id) values (?,?,?,?,?,?,?,?,?)
2024-09-16T12:00:19.592+02:00 DEBUG 1704 --- [siw-federazione] [           main] org.hibernate.SQL                        : insert into giocatore (cognome,data_nascita,luogo_nascita,nome,numero_maglia,ruolo,squadra_id,titolare,id) values (?,?,?,?,?,?,?,?,?)
Hibernate: insert into giocatore (cognome,data_nascita,luogo_nascita,nome,numero_maglia,ruolo,squadra_id,titolare,id) values (?,?,?,?,?,?,?,?,?)
2024-09-16T12:00:19.592+02:00 DEBUG 1704 --- [siw-federazione] [           main] org.hibernate.SQL                        : insert into giocatore (cognome,data_nascita,luogo_nascita,nome,numero_maglia,ruolo,squadra_id,titolare,id) values (?,?,?,?,?,?,?,?,?)
Hibernate: insert into giocatore (cognome,data_nascita,luogo_nascita,nome,numero_maglia,ruolo,squadra_id,titolare,id) values (?,?,?,?,?,?,?,?,?)
2024-09-16T12:00:19.592+02:00 DEBUG 1704 --- [siw-federazione] [           main] org.hibernate.SQL                        : insert into giocatore (cognome,data_nascita,luogo_nascita,nome,numero_maglia,ruolo,squadra_id,titolare,id) values (?,?,?,?,?,?,?,?,?)
Hibernate: insert into giocatore (cognome,data_nascita,luogo_nascita,nome,numero_maglia,ruolo,squadra_id,titolare,id) values (?,?,?,?,?,?,?,?,?)
2024-09-16T12:00:19.592+02:00 DEBUG 1704 --- [siw-federazione] [           main] org.hibernate.SQL                        : insert into giocatore (cognome,data_nascita,luogo_nascita,nome,numero_maglia,ruolo,squadra_id,titolare,id) values (?,?,?,?,?,?,?,?,?)
Hibernate: insert into giocatore (cognome,data_nascita,luogo_nascita,nome,numero_maglia,ruolo,squadra_id,titolare,id) values (?,?,?,?,?,?,?,?,?)
2024-09-16T12:00:19.595+02:00 DEBUG 1704 --- [siw-federazione] [           main] org.hibernate.SQL                        : insert into giocatore (cognome,data_nascita,luogo_nascita,nome,numero_maglia,ruolo,squadra_id,titolare,id) values (?,?,?,?,?,?,?,?,?)
Hibernate: insert into giocatore (cognome,data_nascita,luogo_nascita,nome,numero_maglia,ruolo,squadra_id,titolare,id) values (?,?,?,?,?,?,?,?,?)
2024-09-16T12:00:19.595+02:00 DEBUG 1704 --- [siw-federazione] [           main] org.hibernate.SQL                        : insert into giocatore (cognome,data_nascita,luogo_nascita,nome,numero_maglia,ruolo,squadra_id,titolare,id) values (?,?,?,?,?,?,?,?,?)
Hibernate: insert into giocatore (cognome,data_nascita,luogo_nascita,nome,numero_maglia,ruolo,squadra_id,titolare,id) values (?,?,?,?,?,?,?,?,?)
2024-09-16T12:00:19.595+02:00 DEBUG 1704 --- [siw-federazione] [           main] org.hibernate.SQL                        : insert into squadra_giocatori (squadra_id,giocatori_id) values (?,?)
Hibernate: insert into squadra_giocatori (squadra_id,giocatori_id) values (?,?)
2024-09-16T12:00:19.595+02:00 DEBUG 1704 --- [siw-federazione] [           main] org.hibernate.SQL                        : insert into squadra_giocatori (squadra_id,giocatori_id) values (?,?)
Hibernate: insert into squadra_giocatori (squadra_id,giocatori_id) values (?,?)
2024-09-16T12:00:19.595+02:00 DEBUG 1704 --- [siw-federazione] [           main] org.hibernate.SQL                        : insert into squadra_giocatori (squadra_id,giocatori_id) values (?,?)
Hibernate: insert into squadra_giocatori (squadra_id,giocatori_id) values (?,?)
2024-09-16T12:00:19.595+02:00 DEBUG 1704 --- [siw-federazione] [           main] org.hibernate.SQL                        : insert into squadra_giocatori (squadra_id,giocatori_id) values (?,?)
Hibernate: insert into squadra_giocatori (squadra_id,giocatori_id) values (?,?)
2024-09-16T12:00:19.595+02:00 DEBUG 1704 --- [siw-federazione] [           main] org.hibernate.SQL                        : insert into squadra_giocatori (squadra_id,giocatori_id) values (?,?)
Hibernate: insert into squadra_giocatori (squadra_id,giocatori_id) values (?,?)
2024-09-16T12:00:19.595+02:00 DEBUG 1704 --- [siw-federazione] [           main] org.hibernate.SQL                        : insert into squadra_giocatori (squadra_id,giocatori_id) values (?,?)
Hibernate: insert into squadra_giocatori (squadra_id,giocatori_id) values (?,?)
2024-09-16T12:00:19.595+02:00 DEBUG 1704 --- [siw-federazione] [           main] org.hibernate.SQL                        : insert into squadra_giocatori (squadra_id,giocatori_id) values (?,?)
Hibernate: insert into squadra_giocatori (squadra_id,giocatori_id) values (?,?)
2024-09-16T12:00:19.595+02:00 DEBUG 1704 --- [siw-federazione] [           main] org.hibernate.SQL                        : insert into squadra_giocatori (squadra_id,giocatori_id) values (?,?)
Hibernate: insert into squadra_giocatori (squadra_id,giocatori_id) values (?,?)
2024-09-16T12:00:19.595+02:00 DEBUG 1704 --- [siw-federazione] [           main] org.hibernate.SQL                        : insert into squadra_giocatori (squadra_id,giocatori_id) values (?,?)
Hibernate: insert into squadra_giocatori (squadra_id,giocatori_id) values (?,?)
2024-09-16T12:00:19.655+02:00 DEBUG 1704 --- [siw-federazione] [           main] org.hibernate.SQL                        : insert into credentials (password,presidente_id,role,username,id) values (?,?,?,?,?)
Hibernate: insert into credentials (password,presidente_id,role,username,id) values (?,?,?,?,?)
2024-09-16T12:00:19.655+02:00 DEBUG 1704 --- [siw-federazione] [           main] org.hibernate.SQL                        : insert into presidente (codice_fiscale,cognome,data_nascita,immagine_id,luogo_nascita,nome,id) values (?,?,?,?,?,?,?)
Hibernate: insert into presidente (codice_fiscale,cognome,data_nascita,immagine_id,luogo_nascita,nome,id) values (?,?,?,?,?,?,?)
2024-09-16T12:00:19.655+02:00 DEBUG 1704 --- [siw-federazione] [           main] org.hibernate.SQL                        : insert into squadra (anno,immagine_id,name,presidente_id,sede,id) values (?,?,?,?,?,?)
Hibernate: insert into squadra (anno,immagine_id,name,presidente_id,sede,id) values (?,?,?,?,?,?)
2024-09-16T12:00:19.655+02:00 DEBUG 1704 --- [siw-federazione] [           main] org.hibernate.SQL                        : insert into giocatore (cognome,data_nascita,luogo_nascita,nome,numero_maglia,ruolo,squadra_id,titolare,id) values (?,?,?,?,?,?,?,?,?)
Hibernate: insert into giocatore (cognome,data_nascita,luogo_nascita,nome,numero_maglia,ruolo,squadra_id,titolare,id) values (?,?,?,?,?,?,?,?,?)
2024-09-16T12:00:19.655+02:00 DEBUG 1704 --- [siw-federazione] [           main] org.hibernate.SQL                        : insert into giocatore (cognome,data_nascita,luogo_nascita,nome,numero_maglia,ruolo,squadra_id,titolare,id) values (?,?,?,?,?,?,?,?,?)
Hibernate: insert into giocatore (cognome,data_nascita,luogo_nascita,nome,numero_maglia,ruolo,squadra_id,titolare,id) values (?,?,?,?,?,?,?,?,?)
2024-09-16T12:00:19.655+02:00 DEBUG 1704 --- [siw-federazione] [           main] org.hibernate.SQL                        : insert into giocatore (cognome,data_nascita,luogo_nascita,nome,numero_maglia,ruolo,squadra_id,titolare,id) values (?,?,?,?,?,?,?,?,?)
Hibernate: insert into giocatore (cognome,data_nascita,luogo_nascita,nome,numero_maglia,ruolo,squadra_id,titolare,id) values (?,?,?,?,?,?,?,?,?)
2024-09-16T12:00:19.655+02:00 DEBUG 1704 --- [siw-federazione] [           main] org.hibernate.SQL                        : insert into giocatore (cognome,data_nascita,luogo_nascita,nome,numero_maglia,ruolo,squadra_id,titolare,id) values (?,?,?,?,?,?,?,?,?)
Hibernate: insert into giocatore (cognome,data_nascita,luogo_nascita,nome,numero_maglia,ruolo,squadra_id,titolare,id) values (?,?,?,?,?,?,?,?,?)
2024-09-16T12:00:19.655+02:00 DEBUG 1704 --- [siw-federazione] [           main] org.hibernate.SQL                        : insert into giocatore (cognome,data_nascita,luogo_nascita,nome,numero_maglia,ruolo,squadra_id,titolare,id) values (?,?,?,?,?,?,?,?,?)
Hibernate: insert into giocatore (cognome,data_nascita,luogo_nascita,nome,numero_maglia,ruolo,squadra_id,titolare,id) values (?,?,?,?,?,?,?,?,?)
2024-09-16T12:00:19.655+02:00 DEBUG 1704 --- [siw-federazione] [           main] org.hibernate.SQL                        : insert into giocatore (cognome,data_nascita,luogo_nascita,nome,numero_maglia,ruolo,squadra_id,titolare,id) values (?,?,?,?,?,?,?,?,?)
Hibernate: insert into giocatore (cognome,data_nascita,luogo_nascita,nome,numero_maglia,ruolo,squadra_id,titolare,id) values (?,?,?,?,?,?,?,?,?)
2024-09-16T12:00:19.655+02:00 DEBUG 1704 --- [siw-federazione] [           main] org.hibernate.SQL                        : insert into giocatore (cognome,data_nascita,luogo_nascita,nome,numero_maglia,ruolo,squadra_id,titolare,id) values (?,?,?,?,?,?,?,?,?)
Hibernate: insert into giocatore (cognome,data_nascita,luogo_nascita,nome,numero_maglia,ruolo,squadra_id,titolare,id) values (?,?,?,?,?,?,?,?,?)
2024-09-16T12:00:19.672+02:00 DEBUG 1704 --- [siw-federazione] [           main] org.hibernate.SQL                        : insert into giocatore (cognome,data_nascita,luogo_nascita,nome,numero_maglia,ruolo,squadra_id,titolare,id) values (?,?,?,?,?,?,?,?,?)
Hibernate: insert into giocatore (cognome,data_nascita,luogo_nascita,nome,numero_maglia,ruolo,squadra_id,titolare,id) values (?,?,?,?,?,?,?,?,?)
2024-09-16T12:00:19.674+02:00 DEBUG 1704 --- [siw-federazione] [           main] org.hibernate.SQL                        : insert into giocatore (cognome,data_nascita,luogo_nascita,nome,numero_maglia,ruolo,squadra_id,titolare,id) values (?,?,?,?,?,?,?,?,?)
Hibernate: insert into giocatore (cognome,data_nascita,luogo_nascita,nome,numero_maglia,ruolo,squadra_id,titolare,id) values (?,?,?,?,?,?,?,?,?)
2024-09-16T12:00:19.680+02:00 DEBUG 1704 --- [siw-federazione] [           main] org.hibernate.SQL                        : insert into squadra_giocatori (squadra_id,giocatori_id) values (?,?)
Hibernate: insert into squadra_giocatori (squadra_id,giocatori_id) values (?,?)
2024-09-16T12:00:19.680+02:00 DEBUG 1704 --- [siw-federazione] [           main] org.hibernate.SQL                        : insert into squadra_giocatori (squadra_id,giocatori_id) values (?,?)
Hibernate: insert into squadra_giocatori (squadra_id,giocatori_id) values (?,?)
2024-09-16T12:00:19.680+02:00 DEBUG 1704 --- [siw-federazione] [           main] org.hibernate.SQL                        : insert into squadra_giocatori (squadra_id,giocatori_id) values (?,?)
Hibernate: insert into squadra_giocatori (squadra_id,giocatori_id) values (?,?)
2024-09-16T12:00:19.680+02:00 DEBUG 1704 --- [siw-federazione] [           main] org.hibernate.SQL                        : insert into squadra_giocatori (squadra_id,giocatori_id) values (?,?)
Hibernate: insert into squadra_giocatori (squadra_id,giocatori_id) values (?,?)
2024-09-16T12:00:19.680+02:00 DEBUG 1704 --- [siw-federazione] [           main] org.hibernate.SQL                        : insert into squadra_giocatori (squadra_id,giocatori_id) values (?,?)
Hibernate: insert into squadra_giocatori (squadra_id,giocatori_id) values (?,?)
2024-09-16T12:00:19.680+02:00 DEBUG 1704 --- [siw-federazione] [           main] org.hibernate.SQL                        : insert into squadra_giocatori (squadra_id,giocatori_id) values (?,?)
Hibernate: insert into squadra_giocatori (squadra_id,giocatori_id) values (?,?)
2024-09-16T12:00:19.680+02:00 DEBUG 1704 --- [siw-federazione] [           main] org.hibernate.SQL                        : insert into squadra_giocatori (squadra_id,giocatori_id) values (?,?)
Hibernate: insert into squadra_giocatori (squadra_id,giocatori_id) values (?,?)
2024-09-16T12:00:19.680+02:00 DEBUG 1704 --- [siw-federazione] [           main] org.hibernate.SQL                        : insert into squadra_giocatori (squadra_id,giocatori_id) values (?,?)
Hibernate: insert into squadra_giocatori (squadra_id,giocatori_id) values (?,?)
2024-09-16T12:00:19.680+02:00 DEBUG 1704 --- [siw-federazione] [           main] org.hibernate.SQL                        : insert into squadra_giocatori (squadra_id,giocatori_id) values (?,?)
Hibernate: insert into squadra_giocatori (squadra_id,giocatori_id) values (?,?)
2024-09-16T12:00:19.734+02:00 DEBUG 1704 --- [siw-federazione] [           main] org.hibernate.SQL                        : insert into credentials (password,presidente_id,role,username,id) values (?,?,?,?,?)
Hibernate: insert into credentials (password,presidente_id,role,username,id) values (?,?,?,?,?)
2024-09-16T12:00:19.750+02:00 DEBUG 1704 --- [siw-federazione] [           main] org.hibernate.SQL                        : insert into presidente (codice_fiscale,cognome,data_nascita,immagine_id,luogo_nascita,nome,id) values (?,?,?,?,?,?,?)
Hibernate: insert into presidente (codice_fiscale,cognome,data_nascita,immagine_id,luogo_nascita,nome,id) values (?,?,?,?,?,?,?)
2024-09-16T12:00:19.750+02:00 DEBUG 1704 --- [siw-federazione] [           main] org.hibernate.SQL                        : insert into squadra (anno,immagine_id,name,presidente_id,sede,id) values (?,?,?,?,?,?)
Hibernate: insert into squadra (anno,immagine_id,name,presidente_id,sede,id) values (?,?,?,?,?,?)
2024-09-16T12:00:19.750+02:00 DEBUG 1704 --- [siw-federazione] [           main] org.hibernate.SQL                        : insert into giocatore (cognome,data_nascita,luogo_nascita,nome,numero_maglia,ruolo,squadra_id,titolare,id) values (?,?,?,?,?,?,?,?,?)
Hibernate: insert into giocatore (cognome,data_nascita,luogo_nascita,nome,numero_maglia,ruolo,squadra_id,titolare,id) values (?,?,?,?,?,?,?,?,?)
2024-09-16T12:00:19.750+02:00 DEBUG 1704 --- [siw-federazione] [           main] org.hibernate.SQL                        : insert into giocatore (cognome,data_nascita,luogo_nascita,nome,numero_maglia,ruolo,squadra_id,titolare,id) values (?,?,?,?,?,?,?,?,?)
Hibernate: insert into giocatore (cognome,data_nascita,luogo_nascita,nome,numero_maglia,ruolo,squadra_id,titolare,id) values (?,?,?,?,?,?,?,?,?)
2024-09-16T12:00:19.750+02:00 DEBUG 1704 --- [siw-federazione] [           main] org.hibernate.SQL                        : insert into giocatore (cognome,data_nascita,luogo_nascita,nome,numero_maglia,ruolo,squadra_id,titolare,id) values (?,?,?,?,?,?,?,?,?)
Hibernate: insert into giocatore (cognome,data_nascita,luogo_nascita,nome,numero_maglia,ruolo,squadra_id,titolare,id) values (?,?,?,?,?,?,?,?,?)
2024-09-16T12:00:19.750+02:00 DEBUG 1704 --- [siw-federazione] [           main] org.hibernate.SQL                        : insert into giocatore (cognome,data_nascita,luogo_nascita,nome,numero_maglia,ruolo,squadra_id,titolare,id) values (?,?,?,?,?,?,?,?,?)
Hibernate: insert into giocatore (cognome,data_nascita,luogo_nascita,nome,numero_maglia,ruolo,squadra_id,titolare,id) values (?,?,?,?,?,?,?,?,?)
2024-09-16T12:00:19.750+02:00 DEBUG 1704 --- [siw-federazione] [           main] org.hibernate.SQL                        : insert into giocatore (cognome,data_nascita,luogo_nascita,nome,numero_maglia,ruolo,squadra_id,titolare,id) values (?,?,?,?,?,?,?,?,?)
Hibernate: insert into giocatore (cognome,data_nascita,luogo_nascita,nome,numero_maglia,ruolo,squadra_id,titolare,id) values (?,?,?,?,?,?,?,?,?)
2024-09-16T12:00:19.750+02:00 DEBUG 1704 --- [siw-federazione] [           main] org.hibernate.SQL                        : insert into giocatore (cognome,data_nascita,luogo_nascita,nome,numero_maglia,ruolo,squadra_id,titolare,id) values (?,?,?,?,?,?,?,?,?)
Hibernate: insert into giocatore (cognome,data_nascita,luogo_nascita,nome,numero_maglia,ruolo,squadra_id,titolare,id) values (?,?,?,?,?,?,?,?,?)
2024-09-16T12:00:19.750+02:00 DEBUG 1704 --- [siw-federazione] [           main] org.hibernate.SQL                        : insert into giocatore (cognome,data_nascita,luogo_nascita,nome,numero_maglia,ruolo,squadra_id,titolare,id) values (?,?,?,?,?,?,?,?,?)
Hibernate: insert into giocatore (cognome,data_nascita,luogo_nascita,nome,numero_maglia,ruolo,squadra_id,titolare,id) values (?,?,?,?,?,?,?,?,?)
2024-09-16T12:00:19.750+02:00 DEBUG 1704 --- [siw-federazione] [           main] org.hibernate.SQL                        : insert into giocatore (cognome,data_nascita,luogo_nascita,nome,numero_maglia,ruolo,squadra_id,titolare,id) values (?,?,?,?,?,?,?,?,?)
Hibernate: insert into giocatore (cognome,data_nascita,luogo_nascita,nome,numero_maglia,ruolo,squadra_id,titolare,id) values (?,?,?,?,?,?,?,?,?)
2024-09-16T12:00:19.750+02:00 DEBUG 1704 --- [siw-federazione] [           main] org.hibernate.SQL                        : insert into giocatore (cognome,data_nascita,luogo_nascita,nome,numero_maglia,ruolo,squadra_id,titolare,id) values (?,?,?,?,?,?,?,?,?)
Hibernate: insert into giocatore (cognome,data_nascita,luogo_nascita,nome,numero_maglia,ruolo,squadra_id,titolare,id) values (?,?,?,?,?,?,?,?,?)
2024-09-16T12:00:19.750+02:00 DEBUG 1704 --- [siw-federazione] [           main] org.hibernate.SQL                        : insert into squadra_giocatori (squadra_id,giocatori_id) values (?,?)
Hibernate: insert into squadra_giocatori (squadra_id,giocatori_id) values (?,?)
2024-09-16T12:00:19.750+02:00 DEBUG 1704 --- [siw-federazione] [           main] org.hibernate.SQL                        : insert into squadra_giocatori (squadra_id,giocatori_id) values (?,?)
Hibernate: insert into squadra_giocatori (squadra_id,giocatori_id) values (?,?)
2024-09-16T12:00:19.750+02:00 DEBUG 1704 --- [siw-federazione] [           main] org.hibernate.SQL                        : insert into squadra_giocatori (squadra_id,giocatori_id) values (?,?)
Hibernate: insert into squadra_giocatori (squadra_id,giocatori_id) values (?,?)
2024-09-16T12:00:19.750+02:00 DEBUG 1704 --- [siw-federazione] [           main] org.hibernate.SQL                        : insert into squadra_giocatori (squadra_id,giocatori_id) values (?,?)
Hibernate: insert into squadra_giocatori (squadra_id,giocatori_id) values (?,?)
2024-09-16T12:00:19.750+02:00 DEBUG 1704 --- [siw-federazione] [           main] org.hibernate.SQL                        : insert into squadra_giocatori (squadra_id,giocatori_id) values (?,?)
Hibernate: insert into squadra_giocatori (squadra_id,giocatori_id) values (?,?)
2024-09-16T12:00:19.750+02:00 DEBUG 1704 --- [siw-federazione] [           main] org.hibernate.SQL                        : insert into squadra_giocatori (squadra_id,giocatori_id) values (?,?)
Hibernate: insert into squadra_giocatori (squadra_id,giocatori_id) values (?,?)
2024-09-16T12:00:19.750+02:00 DEBUG 1704 --- [siw-federazione] [           main] org.hibernate.SQL                        : insert into squadra_giocatori (squadra_id,giocatori_id) values (?,?)
Hibernate: insert into squadra_giocatori (squadra_id,giocatori_id) values (?,?)
2024-09-16T12:00:19.750+02:00 DEBUG 1704 --- [siw-federazione] [           main] org.hibernate.SQL                        : insert into squadra_giocatori (squadra_id,giocatori_id) values (?,?)
Hibernate: insert into squadra_giocatori (squadra_id,giocatori_id) values (?,?)
2024-09-16T12:00:19.750+02:00 DEBUG 1704 --- [siw-federazione] [           main] org.hibernate.SQL                        : insert into squadra_giocatori (squadra_id,giocatori_id) values (?,?)
Hibernate: insert into squadra_giocatori (squadra_id,giocatori_id) values (?,?)
2024-09-16T12:00:19.829+02:00 DEBUG 1704 --- [siw-federazione] [           main] org.hibernate.SQL                        : insert into credentials (password,presidente_id,role,username,id) values (?,?,?,?,?)
Hibernate: insert into credentials (password,presidente_id,role,username,id) values (?,?,?,?,?)
2024-09-16T12:00:19.835+02:00 DEBUG 1704 --- [siw-federazione] [           main] org.hibernate.SQL                        : insert into presidente (codice_fiscale,cognome,data_nascita,immagine_id,luogo_nascita,nome,id) values (?,?,?,?,?,?,?)
Hibernate: insert into presidente (codice_fiscale,cognome,data_nascita,immagine_id,luogo_nascita,nome,id) values (?,?,?,?,?,?,?)
2024-09-16T12:00:19.835+02:00 DEBUG 1704 --- [siw-federazione] [           main] org.hibernate.SQL                        : insert into squadra (anno,immagine_id,name,presidente_id,sede,id) values (?,?,?,?,?,?)
Hibernate: insert into squadra (anno,immagine_id,name,presidente_id,sede,id) values (?,?,?,?,?,?)
2024-09-16T12:00:19.835+02:00 DEBUG 1704 --- [siw-federazione] [           main] org.hibernate.SQL                        : insert into giocatore (cognome,data_nascita,luogo_nascita,nome,numero_maglia,ruolo,squadra_id,titolare,id) values (?,?,?,?,?,?,?,?,?)
Hibernate: insert into giocatore (cognome,data_nascita,luogo_nascita,nome,numero_maglia,ruolo,squadra_id,titolare,id) values (?,?,?,?,?,?,?,?,?)
2024-09-16T12:00:19.835+02:00 DEBUG 1704 --- [siw-federazione] [           main] org.hibernate.SQL                        : insert into giocatore (cognome,data_nascita,luogo_nascita,nome,numero_maglia,ruolo,squadra_id,titolare,id) values (?,?,?,?,?,?,?,?,?)
Hibernate: insert into giocatore (cognome,data_nascita,luogo_nascita,nome,numero_maglia,ruolo,squadra_id,titolare,id) values (?,?,?,?,?,?,?,?,?)
2024-09-16T12:00:19.835+02:00 DEBUG 1704 --- [siw-federazione] [           main] org.hibernate.SQL                        : insert into giocatore (cognome,data_nascita,luogo_nascita,nome,numero_maglia,ruolo,squadra_id,titolare,id) values (?,?,?,?,?,?,?,?,?)
Hibernate: insert into giocatore (cognome,data_nascita,luogo_nascita,nome,numero_maglia,ruolo,squadra_id,titolare,id) values (?,?,?,?,?,?,?,?,?)
2024-09-16T12:00:19.835+02:00 DEBUG 1704 --- [siw-federazione] [           main] org.hibernate.SQL                        : insert into giocatore (cognome,data_nascita,luogo_nascita,nome,numero_maglia,ruolo,squadra_id,titolare,id) values (?,?,?,?,?,?,?,?,?)
Hibernate: insert into giocatore (cognome,data_nascita,luogo_nascita,nome,numero_maglia,ruolo,squadra_id,titolare,id) values (?,?,?,?,?,?,?,?,?)
2024-09-16T12:00:19.835+02:00 DEBUG 1704 --- [siw-federazione] [           main] org.hibernate.SQL                        : insert into giocatore (cognome,data_nascita,luogo_nascita,nome,numero_maglia,ruolo,squadra_id,titolare,id) values (?,?,?,?,?,?,?,?,?)
Hibernate: insert into giocatore (cognome,data_nascita,luogo_nascita,nome,numero_maglia,ruolo,squadra_id,titolare,id) values (?,?,?,?,?,?,?,?,?)
2024-09-16T12:00:19.835+02:00 DEBUG 1704 --- [siw-federazione] [           main] org.hibernate.SQL                        : insert into giocatore (cognome,data_nascita,luogo_nascita,nome,numero_maglia,ruolo,squadra_id,titolare,id) values (?,?,?,?,?,?,?,?,?)
Hibernate: insert into giocatore (cognome,data_nascita,luogo_nascita,nome,numero_maglia,ruolo,squadra_id,titolare,id) values (?,?,?,?,?,?,?,?,?)
2024-09-16T12:00:19.835+02:00 DEBUG 1704 --- [siw-federazione] [           main] org.hibernate.SQL                        : insert into giocatore (cognome,data_nascita,luogo_nascita,nome,numero_maglia,ruolo,squadra_id,titolare,id) values (?,?,?,?,?,?,?,?,?)
Hibernate: insert into giocatore (cognome,data_nascita,luogo_nascita,nome,numero_maglia,ruolo,squadra_id,titolare,id) values (?,?,?,?,?,?,?,?,?)
2024-09-16T12:00:19.835+02:00 DEBUG 1704 --- [siw-federazione] [           main] org.hibernate.SQL                        : insert into giocatore (cognome,data_nascita,luogo_nascita,nome,numero_maglia,ruolo,squadra_id,titolare,id) values (?,?,?,?,?,?,?,?,?)
Hibernate: insert into giocatore (cognome,data_nascita,luogo_nascita,nome,numero_maglia,ruolo,squadra_id,titolare,id) values (?,?,?,?,?,?,?,?,?)
2024-09-16T12:00:19.835+02:00 DEBUG 1704 --- [siw-federazione] [           main] org.hibernate.SQL                        : insert into giocatore (cognome,data_nascita,luogo_nascita,nome,numero_maglia,ruolo,squadra_id,titolare,id) values (?,?,?,?,?,?,?,?,?)
Hibernate: insert into giocatore (cognome,data_nascita,luogo_nascita,nome,numero_maglia,ruolo,squadra_id,titolare,id) values (?,?,?,?,?,?,?,?,?)
2024-09-16T12:00:19.835+02:00 DEBUG 1704 --- [siw-federazione] [           main] org.hibernate.SQL                        : insert into squadra_giocatori (squadra_id,giocatori_id) values (?,?)
Hibernate: insert into squadra_giocatori (squadra_id,giocatori_id) values (?,?)
2024-09-16T12:00:19.835+02:00 DEBUG 1704 --- [siw-federazione] [           main] org.hibernate.SQL                        : insert into squadra_giocatori (squadra_id,giocatori_id) values (?,?)
Hibernate: insert into squadra_giocatori (squadra_id,giocatori_id) values (?,?)
2024-09-16T12:00:19.835+02:00 DEBUG 1704 --- [siw-federazione] [           main] org.hibernate.SQL                        : insert into squadra_giocatori (squadra_id,giocatori_id) values (?,?)
Hibernate: insert into squadra_giocatori (squadra_id,giocatori_id) values (?,?)
2024-09-16T12:00:19.835+02:00 DEBUG 1704 --- [siw-federazione] [           main] org.hibernate.SQL                        : insert into squadra_giocatori (squadra_id,giocatori_id) values (?,?)
Hibernate: insert into squadra_giocatori (squadra_id,giocatori_id) values (?,?)
2024-09-16T12:00:19.835+02:00 DEBUG 1704 --- [siw-federazione] [           main] org.hibernate.SQL                        : insert into squadra_giocatori (squadra_id,giocatori_id) values (?,?)
Hibernate: insert into squadra_giocatori (squadra_id,giocatori_id) values (?,?)
2024-09-16T12:00:19.835+02:00 DEBUG 1704 --- [siw-federazione] [           main] org.hibernate.SQL                        : insert into squadra_giocatori (squadra_id,giocatori_id) values (?,?)
Hibernate: insert into squadra_giocatori (squadra_id,giocatori_id) values (?,?)
2024-09-16T12:00:19.835+02:00 DEBUG 1704 --- [siw-federazione] [           main] org.hibernate.SQL                        : insert into squadra_giocatori (squadra_id,giocatori_id) values (?,?)
Hibernate: insert into squadra_giocatori (squadra_id,giocatori_id) values (?,?)
2024-09-16T12:00:19.835+02:00 DEBUG 1704 --- [siw-federazione] [           main] org.hibernate.SQL                        : insert into squadra_giocatori (squadra_id,giocatori_id) values (?,?)
Hibernate: insert into squadra_giocatori (squadra_id,giocatori_id) values (?,?)
2024-09-16T12:00:19.835+02:00 DEBUG 1704 --- [siw-federazione] [           main] org.hibernate.SQL                        : insert into squadra_giocatori (squadra_id,giocatori_id) values (?,?)
Hibernate: insert into squadra_giocatori (squadra_id,giocatori_id) values (?,?)
2024-09-16T12:00:19.895+02:00 DEBUG 1704 --- [siw-federazione] [           main] org.hibernate.SQL                        : insert into credentials (password,presidente_id,role,username,id) values (?,?,?,?,?)
Hibernate: insert into credentials (password,presidente_id,role,username,id) values (?,?,?,?,?)
2024-09-16T12:00:19.895+02:00 DEBUG 1704 --- [siw-federazione] [           main] org.hibernate.SQL                        : insert into presidente (codice_fiscale,cognome,data_nascita,immagine_id,luogo_nascita,nome,id) values (?,?,?,?,?,?,?)
Hibernate: insert into presidente (codice_fiscale,cognome,data_nascita,immagine_id,luogo_nascita,nome,id) values (?,?,?,?,?,?,?)
2024-09-16T12:00:19.895+02:00 DEBUG 1704 --- [siw-federazione] [           main] org.hibernate.SQL                        : insert into squadra (anno,immagine_id,name,presidente_id,sede,id) values (?,?,?,?,?,?)
Hibernate: insert into squadra (anno,immagine_id,name,presidente_id,sede,id) values (?,?,?,?,?,?)
2024-09-16T12:00:19.895+02:00 DEBUG 1704 --- [siw-federazione] [           main] org.hibernate.SQL                        : insert into giocatore (cognome,data_nascita,luogo_nascita,nome,numero_maglia,ruolo,squadra_id,titolare,id) values (?,?,?,?,?,?,?,?,?)
Hibernate: insert into giocatore (cognome,data_nascita,luogo_nascita,nome,numero_maglia,ruolo,squadra_id,titolare,id) values (?,?,?,?,?,?,?,?,?)
2024-09-16T12:00:19.895+02:00 DEBUG 1704 --- [siw-federazione] [           main] org.hibernate.SQL                        : insert into giocatore (cognome,data_nascita,luogo_nascita,nome,numero_maglia,ruolo,squadra_id,titolare,id) values (?,?,?,?,?,?,?,?,?)
Hibernate: insert into giocatore (cognome,data_nascita,luogo_nascita,nome,numero_maglia,ruolo,squadra_id,titolare,id) values (?,?,?,?,?,?,?,?,?)
2024-09-16T12:00:19.905+02:00 DEBUG 1704 --- [siw-federazione] [           main] org.hibernate.SQL                        : insert into giocatore (cognome,data_nascita,luogo_nascita,nome,numero_maglia,ruolo,squadra_id,titolare,id) values (?,?,?,?,?,?,?,?,?)
Hibernate: insert into giocatore (cognome,data_nascita,luogo_nascita,nome,numero_maglia,ruolo,squadra_id,titolare,id) values (?,?,?,?,?,?,?,?,?)
2024-09-16T12:00:19.905+02:00 DEBUG 1704 --- [siw-federazione] [           main] org.hibernate.SQL                        : insert into giocatore (cognome,data_nascita,luogo_nascita,nome,numero_maglia,ruolo,squadra_id,titolare,id) values (?,?,?,?,?,?,?,?,?)
Hibernate: insert into giocatore (cognome,data_nascita,luogo_nascita,nome,numero_maglia,ruolo,squadra_id,titolare,id) values (?,?,?,?,?,?,?,?,?)
2024-09-16T12:00:19.907+02:00 DEBUG 1704 --- [siw-federazione] [           main] org.hibernate.SQL                        : insert into giocatore (cognome,data_nascita,luogo_nascita,nome,numero_maglia,ruolo,squadra_id,titolare,id) values (?,?,?,?,?,?,?,?,?)
Hibernate: insert into giocatore (cognome,data_nascita,luogo_nascita,nome,numero_maglia,ruolo,squadra_id,titolare,id) values (?,?,?,?,?,?,?,?,?)
2024-09-16T12:00:19.907+02:00 DEBUG 1704 --- [siw-federazione] [           main] org.hibernate.SQL                        : insert into giocatore (cognome,data_nascita,luogo_nascita,nome,numero_maglia,ruolo,squadra_id,titolare,id) values (?,?,?,?,?,?,?,?,?)
Hibernate: insert into giocatore (cognome,data_nascita,luogo_nascita,nome,numero_maglia,ruolo,squadra_id,titolare,id) values (?,?,?,?,?,?,?,?,?)
2024-09-16T12:00:19.907+02:00 DEBUG 1704 --- [siw-federazione] [           main] org.hibernate.SQL                        : insert into giocatore (cognome,data_nascita,luogo_nascita,nome,numero_maglia,ruolo,squadra_id,titolare,id) values (?,?,?,?,?,?,?,?,?)
Hibernate: insert into giocatore (cognome,data_nascita,luogo_nascita,nome,numero_maglia,ruolo,squadra_id,titolare,id) values (?,?,?,?,?,?,?,?,?)
2024-09-16T12:00:19.907+02:00 DEBUG 1704 --- [siw-federazione] [           main] org.hibernate.SQL                        : insert into giocatore (cognome,data_nascita,luogo_nascita,nome,numero_maglia,ruolo,squadra_id,titolare,id) values (?,?,?,?,?,?,?,?,?)
Hibernate: insert into giocatore (cognome,data_nascita,luogo_nascita,nome,numero_maglia,ruolo,squadra_id,titolare,id) values (?,?,?,?,?,?,?,?,?)
2024-09-16T12:00:19.907+02:00 DEBUG 1704 --- [siw-federazione] [           main] org.hibernate.SQL                        : insert into giocatore (cognome,data_nascita,luogo_nascita,nome,numero_maglia,ruolo,squadra_id,titolare,id) values (?,?,?,?,?,?,?,?,?)
Hibernate: insert into giocatore (cognome,data_nascita,luogo_nascita,nome,numero_maglia,ruolo,squadra_id,titolare,id) values (?,?,?,?,?,?,?,?,?)
2024-09-16T12:00:19.907+02:00 DEBUG 1704 --- [siw-federazione] [           main] org.hibernate.SQL                        : insert into squadra_giocatori (squadra_id,giocatori_id) values (?,?)
Hibernate: insert into squadra_giocatori (squadra_id,giocatori_id) values (?,?)
2024-09-16T12:00:19.907+02:00 DEBUG 1704 --- [siw-federazione] [           main] org.hibernate.SQL                        : insert into squadra_giocatori (squadra_id,giocatori_id) values (?,?)
Hibernate: insert into squadra_giocatori (squadra_id,giocatori_id) values (?,?)
2024-09-16T12:00:19.907+02:00 DEBUG 1704 --- [siw-federazione] [           main] org.hibernate.SQL                        : insert into squadra_giocatori (squadra_id,giocatori_id) values (?,?)
Hibernate: insert into squadra_giocatori (squadra_id,giocatori_id) values (?,?)
2024-09-16T12:00:19.907+02:00 DEBUG 1704 --- [siw-federazione] [           main] org.hibernate.SQL                        : insert into squadra_giocatori (squadra_id,giocatori_id) values (?,?)
Hibernate: insert into squadra_giocatori (squadra_id,giocatori_id) values (?,?)
2024-09-16T12:00:19.911+02:00 DEBUG 1704 --- [siw-federazione] [           main] org.hibernate.SQL                        : insert into squadra_giocatori (squadra_id,giocatori_id) values (?,?)
Hibernate: insert into squadra_giocatori (squadra_id,giocatori_id) values (?,?)
2024-09-16T12:00:19.911+02:00 DEBUG 1704 --- [siw-federazione] [           main] org.hibernate.SQL                        : insert into squadra_giocatori (squadra_id,giocatori_id) values (?,?)
Hibernate: insert into squadra_giocatori (squadra_id,giocatori_id) values (?,?)
2024-09-16T12:00:19.911+02:00 DEBUG 1704 --- [siw-federazione] [           main] org.hibernate.SQL                        : insert into squadra_giocatori (squadra_id,giocatori_id) values (?,?)
Hibernate: insert into squadra_giocatori (squadra_id,giocatori_id) values (?,?)
2024-09-16T12:00:19.911+02:00 DEBUG 1704 --- [siw-federazione] [           main] org.hibernate.SQL                        : insert into squadra_giocatori (squadra_id,giocatori_id) values (?,?)
Hibernate: insert into squadra_giocatori (squadra_id,giocatori_id) values (?,?)
2024-09-16T12:00:19.911+02:00 DEBUG 1704 --- [siw-federazione] [           main] org.hibernate.SQL                        : insert into squadra_giocatori (squadra_id,giocatori_id) values (?,?)
Hibernate: insert into squadra_giocatori (squadra_id,giocatori_id) values (?,?)
2024-09-16T12:00:19.966+02:00 DEBUG 1704 --- [siw-federazione] [           main] org.hibernate.SQL                        : insert into credentials (password,presidente_id,role,username,id) values (?,?,?,?,?)
Hibernate: insert into credentials (password,presidente_id,role,username,id) values (?,?,?,?,?)
2024-09-16T12:00:20.018+02:00 DEBUG 1704 --- [siw-federazione] [           main] org.hibernate.SQL                        : insert into credentials (password,presidente_id,role,username,id) values (?,?,?,?,?)
Hibernate: insert into credentials (password,presidente_id,role,username,id) values (?,?,?,?,?)
]]></system-out>
  </testcase>
</testsuite>